[2020-12-17 10:29:42,342] - baseLog.py] - INFO: {'platformName': 'Android', 'platformVersion': '5.1.1', 'deviceName': '127.0.0.1:62001', 'appActivity': 'com.yonghui.cloud.freshstore.android.activity.welcome.WelcomeAct', 'appPackage': 'com.yonghui.cloud.freshstore', 'automationName': 'UiAutomator2', 'noReset': True, 'resetKeyboard': True, 'unicodeKeyboard': True, 'ip': '127.0.0.1', 'port': 4723}
[2020-12-17 10:29:54,177] - baseLog.py] - INFO: APP启动成功...
[2020-12-17 10:29:54,181] - baseLog.py] - INFO: 登录测试开始
[2020-12-17 10:29:54,187] - baseLog.py] - INFO: 开始向left方向滑动
[2020-12-17 10:29:57,065] - baseLog.py] - INFO: 登录开始。。。
[2020-12-17 10:29:57,066] - baseLog.py] - INFO: 输入用户名：80663333
[2020-12-17 10:29:57,067] - baseLog.py] - INFO: 在用户名中查找元素<('id', 'com.yonghui.cloud.freshstore:id/username_et')>
[2020-12-17 10:29:57,643] - baseLog.py] - INFO: 输入密码：Xx123456
[2020-12-17 10:29:57,644] - baseLog.py] - INFO: 在密码中查找元素<('id', 'com.yonghui.cloud.freshstore:id/password_et')>
[2020-12-17 10:29:58,157] - baseLog.py] - INFO: 在登录按钮中查找元素<('id', 'com.yonghui.cloud.freshstore:id/loginBtView')>
[2020-12-17 10:29:58,665] - baseLog.py] - INFO: 在登录完成中获取元素<('id', 'com.yonghui.cloud.freshstore:id/baseTopTitleBtView')>的文本值
[2020-12-17 10:29:58,665] - baseLog.py] - INFO: 开始等待页面元素<('id', 'com.yonghui.cloud.freshstore:id/baseTopTitleBtView')>是否可见
[2020-12-17 10:30:01,934] - baseLog.py] - INFO: 页面元素<('id', 'com.yonghui.cloud.freshstore:id/baseTopTitleBtView')>等待可见，等待时间：3.27秒
[2020-12-17 10:30:01,935] - baseLog.py] - INFO: 在登录完成中查找元素<('id', 'com.yonghui.cloud.freshstore:id/baseTopTitleBtView')>
[2020-12-17 10:30:01,962] - baseLog.py] - INFO: 获取到的元素文本值为：选择角色
[2020-12-17 10:31:23,172] - baseLog.py] - INFO: {'platformName': 'Android', 'platformVersion': '5.1.1', 'deviceName': '127.0.0.1:62001', 'appActivity': 'com.yonghui.cloud.freshstore.android.activity.welcome.WelcomeAct', 'appPackage': 'com.yonghui.cloud.freshstore', 'automationName': 'UiAutomator2', 'noReset': True, 'resetKeyboard': True, 'unicodeKeyboard': True, 'ip': '127.0.0.1', 'port': 4723}
[2020-12-17 10:31:33,770] - baseLog.py] - INFO: APP启动成功...
[2020-12-17 10:31:33,773] - baseLog.py] - INFO: 登录测试开始
[2020-12-17 10:31:33,781] - baseLog.py] - INFO: 开始向left方向滑动
[2020-12-17 10:31:36,643] - baseLog.py] - INFO: 登录开始。。。
[2020-12-17 10:31:36,644] - baseLog.py] - INFO: 输入用户名：80663333
[2020-12-17 10:31:36,645] - baseLog.py] - INFO: 在用户名中查找元素<('id', 'com.yonghui.cloud.freshstore:id/username_et')>
[2020-12-17 10:31:37,261] - baseLog.py] - INFO: 输入密码：Xx123456
[2020-12-17 10:31:37,261] - baseLog.py] - INFO: 在密码中查找元素<('id', 'com.yonghui.cloud.freshstore:id/password_et')>
[2020-12-17 10:31:37,774] - baseLog.py] - INFO: 在登录按钮中查找元素<('id', 'com.yonghui.cloud.freshstore:id/loginBtView')>
[2020-12-17 10:31:38,282] - baseLog.py] - INFO: 在登录完成中获取元素<('id', 'com.yonghui.cloud.freshstore:id/baseTopTitleBtView')>的文本值
[2020-12-17 10:31:38,282] - baseLog.py] - INFO: 开始等待页面元素<('id', 'com.yonghui.cloud.freshstore:id/baseTopTitleBtView')>是否可见
[2020-12-17 10:31:41,439] - baseLog.py] - INFO: 页面元素<('id', 'com.yonghui.cloud.freshstore:id/baseTopTitleBtView')>等待可见，等待时间：3.16秒
[2020-12-17 10:31:41,439] - baseLog.py] - INFO: 在登录完成中查找元素<('id', 'com.yonghui.cloud.freshstore:id/baseTopTitleBtView')>
[2020-12-17 10:31:41,456] - baseLog.py] - INFO: 获取到的元素文本值为：选择角色
[2020-12-17 10:35:18,600] - baseLog.py] - INFO: {'platformName': 'Android', 'platformVersion': '5.1.1', 'deviceName': '127.0.0.1:62001', 'appActivity': 'com.yonghui.cloud.freshstore.android.activity.welcome.WelcomeAct', 'appPackage': 'com.yonghui.cloud.freshstore', 'automationName': 'UiAutomator2', 'noReset': True, 'resetKeyboard': True, 'unicodeKeyboard': True, 'ip': '127.0.0.1', 'port': 4723}
[2020-12-17 10:35:29,101] - baseLog.py] - INFO: APP启动成功...
[2020-12-17 10:35:29,104] - baseLog.py] - INFO: 登录测试开始
[2020-12-17 10:35:29,112] - baseLog.py] - INFO: 开始向left方向滑动
[2020-12-17 10:35:31,963] - baseLog.py] - INFO: 登录开始。。。
[2020-12-17 10:35:31,963] - baseLog.py] - INFO: 输入用户名：80663333
[2020-12-17 10:35:31,964] - baseLog.py] - INFO: 在用户名中输入元素<('id', 'com.yonghui.cloud.freshstore:id/username_et')>的内容为80663333
[2020-12-17 10:35:31,964] - baseLog.py] - INFO: 开始等待页面元素<('id', 'com.yonghui.cloud.freshstore:id/username_et')>是否可见
[2020-12-17 10:35:32,035] - baseLog.py] - INFO: 页面元素<('id', 'com.yonghui.cloud.freshstore:id/username_et')>等待可见，等待时间：0.07秒
[2020-12-17 10:35:32,036] - baseLog.py] - INFO: 在用户名中查找元素<('id', 'com.yonghui.cloud.freshstore:id/username_et')>
[2020-12-17 10:35:32,591] - baseLog.py] - INFO: 输入密码：Xx123456
[2020-12-17 10:35:32,593] - baseLog.py] - INFO: 在密码中输入元素<('id', 'com.yonghui.cloud.freshstore:id/password_et')>的内容为80663333
[2020-12-17 10:35:32,594] - baseLog.py] - INFO: 开始等待页面元素<('id', 'com.yonghui.cloud.freshstore:id/password_et')>是否可见
[2020-12-17 10:35:33,115] - baseLog.py] - INFO: 页面元素<('id', 'com.yonghui.cloud.freshstore:id/password_et')>等待可见，等待时间：0.52秒
[2020-12-17 10:35:33,116] - baseLog.py] - INFO: 在密码中查找元素<('id', 'com.yonghui.cloud.freshstore:id/password_et')>
[2020-12-17 10:35:33,139] - baseLog.py] - INFO: 在登录按钮中点击元素<('id', 'com.yonghui.cloud.freshstore:id/loginBtView')>
[2020-12-17 10:35:33,140] - baseLog.py] - INFO: 开始等待页面元素<('id', 'com.yonghui.cloud.freshstore:id/loginBtView')>是否可点击!
[2020-12-17 10:35:33,648] - baseLog.py] - INFO: 页面元素<('id', 'com.yonghui.cloud.freshstore:id/loginBtView')>等待可点击，等待时间：0.51秒
[2020-12-17 10:35:33,648] - baseLog.py] - INFO: 在登录按钮中查找元素<('id', 'com.yonghui.cloud.freshstore:id/loginBtView')>
[2020-12-17 10:35:33,671] - baseLog.py] - INFO: 在登录完成中获取元素<('id', 'com.yonghui.cloud.freshstore:id/baseTopTitleBtView')>的文本值
[2020-12-17 10:35:33,672] - baseLog.py] - INFO: 开始等待页面元素<('id', 'com.yonghui.cloud.freshstore:id/baseTopTitleBtView')>是否可见
[2020-12-17 10:36:01,285] - baseLog.py] - ERROR: 页面元素<('id', 'com.yonghui.cloud.freshstore:id/baseTopTitleBtView')>等待可见失败
[2020-12-17 10:36:01,534] - baseLog.py] - INFO: 页面截图文件保存在：D:\work\app\screenshot\20201217103601_登录完成.png
[2020-12-17 10:36:01,535] - baseLog.py] - ERROR: 在登录完成中获取元素<('id', 'com.yonghui.cloud.freshstore:id/baseTopTitleBtView')>的文本值失败
[2020-12-17 10:36:01,749] - baseLog.py] - INFO: 页面截图文件保存在：D:\work\app\screenshot\20201217103601_登录完成.png
[2020-12-17 10:57:48,835] - baseLog.py] - INFO: {'platformName': 'Android', 'platformVersion': '5.1.1', 'deviceName': '127.0.0.1:62001', 'appActivity': 'com.yonghui.cloud.freshstore.android.activity.welcome.WelcomeAct', 'appPackage': 'com.yonghui.cloud.freshstore', 'automationName': 'UiAutomator2', 'noReset': True, 'resetKeyboard': True, 'unicodeKeyboard': True, 'ip': '127.0.0.1', 'port': 4723}
[2020-12-17 10:58:00,695] - baseLog.py] - INFO: APP启动成功...
[2020-12-17 10:58:00,702] - baseLog.py] - INFO: 登录测试开始
[2020-12-17 10:58:00,711] - baseLog.py] - INFO: 开始向left方向滑动
[2020-12-17 10:58:03,613] - baseLog.py] - INFO: 登录开始。。。
[2020-12-17 10:58:03,615] - baseLog.py] - INFO: 输入用户名：80663333
[2020-12-17 10:58:03,616] - baseLog.py] - INFO: 在用户名中输入元素<('id', 'com.yonghui.cloud.freshstore:id/username_et')>的内容为80663333
[2020-12-17 10:58:03,617] - baseLog.py] - INFO: 开始等待页面元素<('id', 'com.yonghui.cloud.freshstore:id/username_et')>是否可见
[2020-12-17 10:58:03,708] - baseLog.py] - INFO: 页面元素<('id', 'com.yonghui.cloud.freshstore:id/username_et')>等待可见，等待时间：0.09秒
[2020-12-17 10:58:03,708] - baseLog.py] - INFO: 在用户名中查找元素<('id', 'com.yonghui.cloud.freshstore:id/username_et')>
[2020-12-17 10:58:04,258] - baseLog.py] - INFO: 输入密码：Xx123456
[2020-12-17 10:58:04,259] - baseLog.py] - INFO: 在密码中输入元素<('id', 'com.yonghui.cloud.freshstore:id/password_et')>的内容为Xx123456
[2020-12-17 10:58:04,259] - baseLog.py] - INFO: 开始等待页面元素<('id', 'com.yonghui.cloud.freshstore:id/password_et')>是否可见
[2020-12-17 10:58:04,773] - baseLog.py] - INFO: 页面元素<('id', 'com.yonghui.cloud.freshstore:id/password_et')>等待可见，等待时间：0.51秒
[2020-12-17 10:58:04,774] - baseLog.py] - INFO: 在密码中查找元素<('id', 'com.yonghui.cloud.freshstore:id/password_et')>
[2020-12-17 10:58:04,805] - baseLog.py] - INFO: 在登录按钮中点击元素<('id', 'com.yonghui.cloud.freshstore:id/loginBtView')>
[2020-12-17 10:58:04,806] - baseLog.py] - INFO: 开始等待页面元素<('id', 'com.yonghui.cloud.freshstore:id/loginBtView')>是否可点击!
[2020-12-17 10:58:05,319] - baseLog.py] - INFO: 页面元素<('id', 'com.yonghui.cloud.freshstore:id/loginBtView')>等待可点击，等待时间：0.51秒
[2020-12-17 10:58:05,319] - baseLog.py] - INFO: 在登录按钮中查找元素<('id', 'com.yonghui.cloud.freshstore:id/loginBtView')>
[2020-12-17 10:58:05,351] - baseLog.py] - INFO: 在登录完成中获取元素<('id', 'com.yonghui.cloud.freshstore:id/baseTopTitleBtView')>的文本值
[2020-12-17 10:58:05,352] - baseLog.py] - INFO: 开始等待页面元素<('id', 'com.yonghui.cloud.freshstore:id/baseTopTitleBtView')>是否可见
[2020-12-17 10:58:07,456] - baseLog.py] - INFO: 页面元素<('id', 'com.yonghui.cloud.freshstore:id/baseTopTitleBtView')>等待可见，等待时间：2.1秒
[2020-12-17 10:58:07,457] - baseLog.py] - INFO: 在登录完成中查找元素<('id', 'com.yonghui.cloud.freshstore:id/baseTopTitleBtView')>
[2020-12-17 10:58:07,475] - baseLog.py] - INFO: 获取到的元素文本值为：选择角色
[2020-12-17 11:14:27,679] - baseLog.py] - INFO: APP启动成功...
[2020-12-17 11:14:27,684] - baseLog.py] - INFO: 登录测试开始
[2020-12-17 11:14:27,693] - baseLog.py] - INFO: 开始向left方向滑动
[2020-12-17 11:14:30,568] - baseLog.py] - INFO: 登录开始。。。
[2020-12-17 11:14:30,569] - baseLog.py] - INFO: 输入用户名：80663333
[2020-12-17 11:14:30,570] - baseLog.py] - INFO: 在用户名中输入元素<('id', 'com.yonghui.cloud.freshstore:id/username_et')>的内容为80663333
[2020-12-17 11:14:30,570] - baseLog.py] - INFO: 开始等待页面元素<('id', 'com.yonghui.cloud.freshstore:id/username_et')>是否可见
[2020-12-17 11:14:30,671] - baseLog.py] - INFO: 页面元素<('id', 'com.yonghui.cloud.freshstore:id/username_et')>等待可见，等待时间：0.1秒
[2020-12-17 11:14:30,672] - baseLog.py] - INFO: 在用户名中查找元素<('id', 'com.yonghui.cloud.freshstore:id/username_et')>
[2020-12-17 11:14:31,208] - baseLog.py] - INFO: 输入密码：Xx123456
[2020-12-17 11:14:31,208] - baseLog.py] - INFO: 在密码中输入元素<('id', 'com.yonghui.cloud.freshstore:id/password_et')>的内容为Xx123456
[2020-12-17 11:14:31,209] - baseLog.py] - INFO: 开始等待页面元素<('id', 'com.yonghui.cloud.freshstore:id/password_et')>是否可见
[2020-12-17 11:14:31,721] - baseLog.py] - INFO: 页面元素<('id', 'com.yonghui.cloud.freshstore:id/password_et')>等待可见，等待时间：0.51秒
[2020-12-17 11:14:31,721] - baseLog.py] - INFO: 在密码中查找元素<('id', 'com.yonghui.cloud.freshstore:id/password_et')>
[2020-12-17 11:14:31,763] - baseLog.py] - INFO: 在登录按钮中点击元素<('id', 'com.yonghui.cloud.freshstore:id/loginBtView')>
[2020-12-17 11:14:31,764] - baseLog.py] - INFO: 开始等待页面元素<('id', 'com.yonghui.cloud.freshstore:id/loginBtView')>是否可点击!
[2020-12-17 11:14:32,283] - baseLog.py] - INFO: 页面元素<('id', 'com.yonghui.cloud.freshstore:id/loginBtView')>等待可点击，等待时间：0.52秒
[2020-12-17 11:14:32,284] - baseLog.py] - INFO: 在登录按钮中查找元素<('id', 'com.yonghui.cloud.freshstore:id/loginBtView')>
[2020-12-17 11:14:32,311] - baseLog.py] - INFO: 在登录完成中获取元素<('id', 'com.yonghui.cloud.freshstore:id/baseTopTitleBtView')>的文本值
[2020-12-17 11:14:32,312] - baseLog.py] - INFO: 开始等待页面元素<('id', 'com.yonghui.cloud.freshstore:id/baseTopTitleBtView')>是否可见
[2020-12-17 11:14:34,636] - baseLog.py] - INFO: 页面元素<('id', 'com.yonghui.cloud.freshstore:id/baseTopTitleBtView')>等待可见，等待时间：2.32秒
[2020-12-17 11:14:34,636] - baseLog.py] - INFO: 在登录完成中查找元素<('id', 'com.yonghui.cloud.freshstore:id/baseTopTitleBtView')>
[2020-12-17 11:14:34,661] - baseLog.py] - INFO: 获取到的元素文本值为：选择角色
[2020-12-17 11:28:57,939] - baseLog.py] - INFO: APP启动成功...
[2020-12-17 11:28:57,948] - baseLog.py] - INFO: 跳转主页测试开始
[2020-12-17 11:28:57,948] - baseLog.py] - INFO: 在主页页面中获取元素<('id', 'com.yonghui.cloud.freshstore:id/title_tv')>的文本值
[2020-12-17 11:28:57,948] - baseLog.py] - INFO: 开始等待页面元素<('id', 'com.yonghui.cloud.freshstore:id/title_tv')>是否可见
[2020-12-17 11:29:24,105] - baseLog.py] - ERROR: 页面元素<('id', 'com.yonghui.cloud.freshstore:id/title_tv')>等待可见失败
[2020-12-17 11:29:24,369] - baseLog.py] - INFO: 页面截图文件保存在：D:\work\app\screenshot\20201217112924_主页页面.png
[2020-12-17 11:29:24,370] - baseLog.py] - ERROR: 在主页页面中获取元素<('id', 'com.yonghui.cloud.freshstore:id/title_tv')>的文本值失败
[2020-12-17 11:29:24,585] - baseLog.py] - INFO: 页面截图文件保存在：D:\work\app\screenshot\20201217112924_主页页面.png
[2020-12-17 15:09:59,556] - baseLog.py] - INFO: APP启动成功...
[2020-12-17 15:09:59,572] - baseLog.py] - INFO: 登录测试开始
[2020-12-17 15:09:59,581] - baseLog.py] - INFO: 开始向left方向滑动
[2020-12-17 15:10:02,446] - baseLog.py] - INFO: 登录开始。。。
[2020-12-17 15:10:02,446] - baseLog.py] - INFO: 输入用户名：80663333
[2020-12-17 15:10:02,447] - baseLog.py] - INFO: 在用户名中输入元素<('id', 'com.yonghui.cloud.freshstore:id/username_et')>的内容为80663333
[2020-12-17 15:10:02,447] - baseLog.py] - INFO: 开始等待页面元素<('id', 'com.yonghui.cloud.freshstore:id/username_et')>是否可见
[2020-12-17 15:10:03,590] - baseLog.py] - INFO: 页面元素<('id', 'com.yonghui.cloud.freshstore:id/username_et')>等待可见，等待时间：1.14秒
[2020-12-17 15:10:03,591] - baseLog.py] - INFO: 在用户名中查找元素<('id', 'com.yonghui.cloud.freshstore:id/username_et')>
[2020-12-17 15:10:04,154] - baseLog.py] - INFO: 输入密码：Xx123456
[2020-12-17 15:10:04,155] - baseLog.py] - INFO: 在密码中输入元素<('id', 'com.yonghui.cloud.freshstore:id/password_et')>的内容为Xx123456
[2020-12-17 15:10:04,156] - baseLog.py] - INFO: 开始等待页面元素<('id', 'com.yonghui.cloud.freshstore:id/password_et')>是否可见
[2020-12-17 15:10:04,662] - baseLog.py] - INFO: 页面元素<('id', 'com.yonghui.cloud.freshstore:id/password_et')>等待可见，等待时间：0.5秒
[2020-12-17 15:10:04,662] - baseLog.py] - INFO: 在密码中查找元素<('id', 'com.yonghui.cloud.freshstore:id/password_et')>
[2020-12-17 15:10:04,683] - baseLog.py] - INFO: 在登录按钮中点击元素<('id', 'com.yonghui.cloud.freshstore:id/loginBtView')>
[2020-12-17 15:10:04,683] - baseLog.py] - INFO: 开始等待页面元素<('id', 'com.yonghui.cloud.freshstore:id/loginBtView')>是否可点击!
[2020-12-17 15:10:05,191] - baseLog.py] - INFO: 页面元素<('id', 'com.yonghui.cloud.freshstore:id/loginBtView')>等待可点击，等待时间：0.51秒
[2020-12-17 15:10:05,192] - baseLog.py] - INFO: 在登录按钮中查找元素<('id', 'com.yonghui.cloud.freshstore:id/loginBtView')>
[2020-12-17 15:10:05,210] - baseLog.py] - INFO: 在登录完成中获取元素<('id', 'com.yonghui.cloud.freshstore:id/baseTopTitleBtView')>的文本值
[2020-12-17 15:10:05,211] - baseLog.py] - INFO: 开始等待页面元素<('id', 'com.yonghui.cloud.freshstore:id/baseTopTitleBtView')>是否可见
[2020-12-17 15:10:07,515] - baseLog.py] - INFO: 页面元素<('id', 'com.yonghui.cloud.freshstore:id/baseTopTitleBtView')>等待可见，等待时间：2.3秒
[2020-12-17 15:10:07,517] - baseLog.py] - INFO: 在登录完成中查找元素<('id', 'com.yonghui.cloud.freshstore:id/baseTopTitleBtView')>
[2020-12-17 15:10:07,566] - baseLog.py] - INFO: 获取到的元素文本值为：选择角色
[2020-12-17 15:21:05,553] - baseLog.py] - INFO: APP启动成功...
[2020-12-17 15:21:05,559] - baseLog.py] - INFO: 登录测试开始
[2020-12-17 15:21:05,565] - baseLog.py] - INFO: 开始向left方向滑动
[2020-12-17 15:21:08,411] - baseLog.py] - INFO: 登录开始。。。
[2020-12-17 15:21:08,413] - baseLog.py] - INFO: 输入用户名：80663333
[2020-12-17 15:21:08,414] - baseLog.py] - INFO: 在用户名中输入元素<('id', 'com.yonghui.cloud.freshstore:id/username_et')>的内容为80663333
[2020-12-17 15:21:08,416] - baseLog.py] - INFO: 开始等待页面元素<('id', 'com.yonghui.cloud.freshstore:id/username_et')>是否可见
[2020-12-17 15:21:08,518] - baseLog.py] - INFO: 页面元素<('id', 'com.yonghui.cloud.freshstore:id/username_et')>等待可见，等待时间：0.1秒
[2020-12-17 15:21:08,518] - baseLog.py] - INFO: 在用户名中查找元素<('id', 'com.yonghui.cloud.freshstore:id/username_et')>
[2020-12-17 15:21:09,056] - baseLog.py] - INFO: 输入密码：Xx123456
[2020-12-17 15:21:09,057] - baseLog.py] - INFO: 在密码中输入元素<('id', 'com.yonghui.cloud.freshstore:id/password_et')>的内容为Xx123456
[2020-12-17 15:21:09,057] - baseLog.py] - INFO: 开始等待页面元素<('id', 'com.yonghui.cloud.freshstore:id/password_et')>是否可见
[2020-12-17 15:21:09,574] - baseLog.py] - INFO: 页面元素<('id', 'com.yonghui.cloud.freshstore:id/password_et')>等待可见，等待时间：0.52秒
[2020-12-17 15:21:09,574] - baseLog.py] - INFO: 在密码中查找元素<('id', 'com.yonghui.cloud.freshstore:id/password_et')>
[2020-12-17 15:21:09,596] - baseLog.py] - INFO: 在登录按钮中点击元素<('id', 'com.yonghui.cloud.freshstore:id/loginBtView')>
[2020-12-17 15:21:09,596] - baseLog.py] - INFO: 开始等待页面元素<('id', 'com.yonghui.cloud.freshstore:id/loginBtView')>是否可点击!
[2020-12-17 15:21:10,104] - baseLog.py] - INFO: 页面元素<('id', 'com.yonghui.cloud.freshstore:id/loginBtView')>等待可点击，等待时间：0.51秒
[2020-12-17 15:21:10,104] - baseLog.py] - INFO: 在登录按钮中查找元素<('id', 'com.yonghui.cloud.freshstore:id/loginBtView')>
[2020-12-17 15:21:10,126] - baseLog.py] - INFO: 在登录完成中获取元素<('id', 'com.yonghui.cloud.freshstore:id/baseTopTitleBtView')>的文本值
[2020-12-17 15:21:10,127] - baseLog.py] - INFO: 开始等待页面元素<('id', 'com.yonghui.cloud.freshstore:id/baseTopTitleBtView')>是否可见
[2020-12-17 15:21:12,068] - baseLog.py] - INFO: 页面元素<('id', 'com.yonghui.cloud.freshstore:id/baseTopTitleBtView')>等待可见，等待时间：1.94秒
[2020-12-17 15:21:12,068] - baseLog.py] - INFO: 在登录完成中查找元素<('id', 'com.yonghui.cloud.freshstore:id/baseTopTitleBtView')>
[2020-12-17 15:21:12,090] - baseLog.py] - INFO: 获取到的元素文本值为：选择角色
[2020-12-17 15:25:18,806] - baseLog.py] - INFO: APP启动成功...
[2020-12-17 15:25:18,811] - baseLog.py] - INFO: 登录测试开始
[2020-12-17 15:25:18,822] - baseLog.py] - INFO: 开始向left方向滑动
[2020-12-17 15:25:21,748] - baseLog.py] - INFO: 登录开始。。。
[2020-12-17 15:25:21,749] - baseLog.py] - INFO: 输入用户名：80663333
[2020-12-17 15:25:21,749] - baseLog.py] - INFO: 在用户名中输入元素<('id', 'com.yonghui.cloud.freshstore:id/username_et')>的内容为80663333
[2020-12-17 15:25:21,750] - baseLog.py] - INFO: 开始等待页面元素<('id', 'com.yonghui.cloud.freshstore:id/username_et')>是否可见
[2020-12-17 15:25:21,852] - baseLog.py] - INFO: 页面元素<('id', 'com.yonghui.cloud.freshstore:id/username_et')>等待可见，等待时间：0.1秒
[2020-12-17 15:25:21,852] - baseLog.py] - INFO: 在用户名中查找元素<('id', 'com.yonghui.cloud.freshstore:id/username_et')>
[2020-12-17 15:25:22,392] - baseLog.py] - INFO: 输入密码：Xx123456
[2020-12-17 15:25:22,392] - baseLog.py] - INFO: 在密码中输入元素<('id', 'com.yonghui.cloud.freshstore:id/password_et')>的内容为Xx123456
[2020-12-17 15:25:22,393] - baseLog.py] - INFO: 开始等待页面元素<('id', 'com.yonghui.cloud.freshstore:id/password_et')>是否可见
[2020-12-17 15:25:22,907] - baseLog.py] - INFO: 页面元素<('id', 'com.yonghui.cloud.freshstore:id/password_et')>等待可见，等待时间：0.51秒
[2020-12-17 15:25:22,907] - baseLog.py] - INFO: 在密码中查找元素<('id', 'com.yonghui.cloud.freshstore:id/password_et')>
[2020-12-17 15:25:22,927] - baseLog.py] - INFO: 在登录按钮中点击元素<('id', 'com.yonghui.cloud.freshstore:id/loginBtView')>
[2020-12-17 15:25:22,928] - baseLog.py] - INFO: 开始等待页面元素<('id', 'com.yonghui.cloud.freshstore:id/loginBtView')>是否可点击!
[2020-12-17 15:25:23,435] - baseLog.py] - INFO: 页面元素<('id', 'com.yonghui.cloud.freshstore:id/loginBtView')>等待可点击，等待时间：0.51秒
[2020-12-17 15:25:23,436] - baseLog.py] - INFO: 在登录按钮中查找元素<('id', 'com.yonghui.cloud.freshstore:id/loginBtView')>
[2020-12-17 15:25:23,455] - baseLog.py] - INFO: 在登录完成中获取元素<('id', 'com.yonghui.cloud.freshstore:id/baseTopTitleBtView')>的文本值
[2020-12-17 15:25:23,455] - baseLog.py] - INFO: 开始等待页面元素<('id', 'com.yonghui.cloud.freshstore:id/baseTopTitleBtView')>是否可见
[2020-12-17 15:25:25,225] - baseLog.py] - INFO: 页面元素<('id', 'com.yonghui.cloud.freshstore:id/baseTopTitleBtView')>等待可见，等待时间：1.77秒
[2020-12-17 15:25:25,225] - baseLog.py] - INFO: 在登录完成中查找元素<('id', 'com.yonghui.cloud.freshstore:id/baseTopTitleBtView')>
[2020-12-17 15:25:25,242] - baseLog.py] - INFO: 获取到的元素文本值为：选择角色
[2020-12-17 15:27:29,051] - baseLog.py] - INFO: APP启动成功...
[2020-12-17 15:27:29,054] - baseLog.py] - INFO: 登录测试开始
[2020-12-17 15:27:29,062] - baseLog.py] - INFO: 开始向left方向滑动
[2020-12-17 15:27:31,930] - baseLog.py] - INFO: 登录开始。。。
[2020-12-17 15:27:31,931] - baseLog.py] - INFO: 输入用户名：80663333
[2020-12-17 15:27:31,931] - baseLog.py] - INFO: 在用户名中输入元素<('id', 'com.yonghui.cloud.freshstore:id/username_et')>的内容为80663333
[2020-12-17 15:27:31,931] - baseLog.py] - INFO: 开始等待页面元素<('id', 'com.yonghui.cloud.freshstore:id/username_et')>是否可见
[2020-12-17 15:27:31,999] - baseLog.py] - INFO: 页面元素<('id', 'com.yonghui.cloud.freshstore:id/username_et')>等待可见，等待时间：0.07秒
[2020-12-17 15:27:32,000] - baseLog.py] - INFO: 在用户名中查找元素<('id', 'com.yonghui.cloud.freshstore:id/username_et')>
[2020-12-17 15:27:32,540] - baseLog.py] - INFO: 输入密码：Xx123456
[2020-12-17 15:27:32,541] - baseLog.py] - INFO: 在密码中输入元素<('id', 'com.yonghui.cloud.freshstore:id/password_et')>的内容为Xx123456
[2020-12-17 15:27:32,541] - baseLog.py] - INFO: 开始等待页面元素<('id', 'com.yonghui.cloud.freshstore:id/password_et')>是否可见
[2020-12-17 15:27:33,055] - baseLog.py] - INFO: 页面元素<('id', 'com.yonghui.cloud.freshstore:id/password_et')>等待可见，等待时间：0.51秒
[2020-12-17 15:27:33,055] - baseLog.py] - INFO: 在密码中查找元素<('id', 'com.yonghui.cloud.freshstore:id/password_et')>
[2020-12-17 15:27:33,073] - baseLog.py] - INFO: 在登录按钮中点击元素<('id', 'com.yonghui.cloud.freshstore:id/loginBtView')>
[2020-12-17 15:27:33,075] - baseLog.py] - INFO: 开始等待页面元素<('id', 'com.yonghui.cloud.freshstore:id/loginBtView')>是否可点击!
[2020-12-17 15:27:33,586] - baseLog.py] - INFO: 页面元素<('id', 'com.yonghui.cloud.freshstore:id/loginBtView')>等待可点击，等待时间：0.51秒
[2020-12-17 15:27:33,587] - baseLog.py] - INFO: 在登录按钮中查找元素<('id', 'com.yonghui.cloud.freshstore:id/loginBtView')>
[2020-12-17 15:27:33,629] - baseLog.py] - INFO: 在登录完成中获取元素<('id', 'com.yonghui.cloud.freshstore:id/baseTopTitleBtView')>的文本值
[2020-12-17 15:27:33,630] - baseLog.py] - INFO: 开始等待页面元素<('id', 'com.yonghui.cloud.freshstore:id/baseTopTitleBtView')>是否可见
[2020-12-17 15:27:36,241] - baseLog.py] - INFO: 页面元素<('id', 'com.yonghui.cloud.freshstore:id/baseTopTitleBtView')>等待可见，等待时间：2.61秒
[2020-12-17 15:27:36,241] - baseLog.py] - INFO: 在登录完成中查找元素<('id', 'com.yonghui.cloud.freshstore:id/baseTopTitleBtView')>
[2020-12-17 15:27:36,258] - baseLog.py] - INFO: 获取到的元素文本值为：选择角色
[2020-12-17 16:12:07,804] - baseLog.py] - INFO: APP启动成功...
[2020-12-17 16:12:07,809] - baseLog.py] - INFO: 登录测试开始
[2020-12-17 16:12:07,817] - baseLog.py] - INFO: 开始向left方向滑动
[2020-12-17 16:12:10,711] - baseLog.py] - INFO: 登录开始。。。
[2020-12-17 16:12:10,713] - baseLog.py] - INFO: 输入用户名：80663333
[2020-12-17 16:12:10,715] - baseLog.py] - INFO: 在用户名中输入元素<('id', 'com.yonghui.cloud.freshstore:id/username_et')>的内容为80663333
[2020-12-17 16:12:10,717] - baseLog.py] - INFO: 开始等待页面元素<('id', 'com.yonghui.cloud.freshstore:id/username_et')>是否可见
[2020-12-17 16:12:37,035] - baseLog.py] - ERROR: 页面元素<('id', 'com.yonghui.cloud.freshstore:id/username_et')>等待可见失败
[2020-12-17 16:12:37,288] - baseLog.py] - INFO: 页面截图文件保存在：D:\work\app\screenshot\20201217161237_用户名.png
[2020-12-17 16:12:37,289] - baseLog.py] - ERROR: 在元素<('id', 'com.yonghui.cloud.freshstore:id/username_et')>中输入内容80663333失败
[2020-12-17 16:12:37,531] - baseLog.py] - INFO: 页面截图文件保存在：D:\work\app\screenshot\20201217161237_用户名.png
[2020-12-17 16:21:38,732] - baseLog.py] - INFO: APP启动成功...
[2020-12-17 16:21:38,738] - baseLog.py] - INFO: 登录测试开始
[2020-12-17 16:21:38,745] - baseLog.py] - INFO: 开始向左-left方向滑动
[2020-12-17 16:21:38,746] - baseLog.py] - ERROR: 方向选择错误！
[2020-12-17 16:21:40,746] - baseLog.py] - INFO: 登录开始。。。
[2020-12-17 16:21:40,747] - baseLog.py] - INFO: 输入用户名：80663333
[2020-12-17 16:21:40,747] - baseLog.py] - INFO: 在用户名中输入元素<('id', 'com.yonghui.cloud.freshstore:id/username_et')>的内容为80663333
[2020-12-17 16:21:40,748] - baseLog.py] - INFO: 开始等待页面元素<('id', 'com.yonghui.cloud.freshstore:id/username_et')>是否可见
[2020-12-17 16:22:46,618] - baseLog.py] - INFO: APP启动成功...
[2020-12-17 16:22:46,624] - baseLog.py] - INFO: 登录测试开始
[2020-12-17 16:22:46,631] - baseLog.py] - INFO: 开始向left方向滑动
[2020-12-17 16:22:49,514] - baseLog.py] - INFO: 登录开始。。。
[2020-12-17 16:22:49,515] - baseLog.py] - INFO: 输入用户名：80663333
[2020-12-17 16:22:49,516] - baseLog.py] - INFO: 在用户名中输入元素<('id', 'com.yonghui.cloud.freshstore:id/username_et')>的内容为80663333
[2020-12-17 16:22:49,518] - baseLog.py] - INFO: 开始等待页面元素<('id', 'com.yonghui.cloud.freshstore:id/username_et')>是否可见
[2020-12-17 16:23:48,753] - baseLog.py] - INFO: APP启动成功...
[2020-12-17 16:23:48,757] - baseLog.py] - INFO: 登录测试开始
[2020-12-17 16:23:50,778] - baseLog.py] - INFO: 开始向left方向滑动
[2020-12-17 16:23:51,650] - baseLog.py] - INFO: 登录开始。。。
[2020-12-17 16:23:51,651] - baseLog.py] - INFO: 输入用户名：80663333
[2020-12-17 16:23:51,652] - baseLog.py] - INFO: 在用户名中输入元素<('id', 'com.yonghui.cloud.freshstore:id/username_et')>的内容为80663333
[2020-12-17 16:23:51,652] - baseLog.py] - INFO: 开始等待页面元素<('id', 'com.yonghui.cloud.freshstore:id/username_et')>是否可见
[2020-12-17 16:36:24,807] - baseLog.py] - INFO: APP启动成功...
[2020-12-17 16:36:24,814] - baseLog.py] - INFO: 登录测试开始
[2020-12-17 16:36:24,815] - baseLog.py] - INFO: 在启动页中查找元素<('class name', 'android.widget.ImageView')>
[2020-12-17 16:38:17,432] - baseLog.py] - INFO: APP启动成功...
[2020-12-17 16:38:17,436] - baseLog.py] - INFO: 登录测试开始
[2020-12-17 16:38:17,437] - baseLog.py] - INFO: 在启动页中查找元素<('xpath', '\n                    /hierarchy/android.widget.FrameLayout/android.widget.LinearLayout/\n                    android.widget.FrameLayout/android.widget.LinearLayout/android.widget.\n                    FrameLayout/android.widget.RelativeLayout/android.support.v4.view.ViewPager\n                    /android.widget.LinearLayout/android.widget.ImageView\n                 ')>
[2020-12-17 16:38:17,904] - baseLog.py] - ERROR: 在启动页中查找元素<('xpath', '\n                    /hierarchy/android.widget.FrameLayout/android.widget.LinearLayout/\n                    android.widget.FrameLayout/android.widget.LinearLayout/android.widget.\n                    FrameLayout/android.widget.RelativeLayout/android.support.v4.view.ViewPager\n                    /android.widget.LinearLayout/android.widget.ImageView\n                 ')>失败!
[2020-12-17 16:38:18,174] - baseLog.py] - INFO: 页面截图文件保存在：D:\work\app\screenshot\20201217163817_启动页.png
[2020-12-17 16:38:58,920] - baseLog.py] - INFO: APP启动成功...
[2020-12-17 16:38:58,927] - baseLog.py] - INFO: 登录测试开始
[2020-12-17 16:38:58,928] - baseLog.py] - INFO: 在启动页中查找元素<('xpath', '/hierarchy/android.widget.FrameLayout/android.widget.LinearLayout/android.widget.FrameLayout/android.widget.LinearLayout/android.widget.FrameLayout/android.widget.RelativeLayout/android.support.v4.view.ViewPager/android.widget.LinearLayout/android.widget.ImageView')>
[2020-12-17 16:40:18,162] - baseLog.py] - INFO: APP启动成功...
[2020-12-17 16:40:18,168] - baseLog.py] - INFO: 登录测试开始
[2020-12-17 16:40:18,168] - baseLog.py] - INFO: 在启动页中查找元素<('xpath', '/hierarchy/android.widget.FrameLayout/android.widget.LinearLayout/android.widget.FrameLayout/android.widget.LinearLayout/android.widget.FrameLayout/android.widget.RelativeLayout/android.support.v4.view.ViewPager/android.widget.LinearLayout/android.widget.ImageView')>
[2020-12-17 16:40:19,700] - baseLog.py] - INFO: 开始向left方向滑动
[2020-12-17 16:40:21,580] - baseLog.py] - INFO: 开始向left方向滑动
[2020-12-17 16:40:23,440] - baseLog.py] - INFO: 开始向left方向滑动
[2020-12-17 16:40:25,304] - baseLog.py] - INFO: 开始向left方向滑动
[2020-12-17 16:40:27,206] - baseLog.py] - INFO: 开始向left方向滑动
[2020-12-17 16:40:29,121] - baseLog.py] - INFO: 开始向left方向滑动
[2020-12-17 16:40:31,008] - baseLog.py] - INFO: 开始向left方向滑动
[2020-12-17 16:40:32,868] - baseLog.py] - INFO: 开始向left方向滑动
[2020-12-17 17:14:45,564] - baseLog.py] - INFO: APP启动成功...
[2020-12-17 17:14:45,569] - baseLog.py] - INFO: 登录测试开始
[2020-12-17 17:14:45,570] - baseLog.py] - INFO: 获取屏幕中心坐标
[2020-12-17 17:48:15,673] - baseLog.py] - INFO: APP启动成功...
[2020-12-17 17:48:15,678] - baseLog.py] - INFO: 登录测试开始
[2020-12-17 17:48:15,678] - baseLog.py] - INFO: 获取屏幕中心坐标
[2020-12-17 17:48:16,231] - baseLog.py] - ERROR: 获取屏幕中心坐标失败
[2020-12-17 17:48:16,549] - baseLog.py] - INFO: 页面截图文件保存在：D:\work\app\screenshot\20201217174816_启动页.png
[2020-12-17 17:49:59,245] - baseLog.py] - INFO: APP启动成功...
[2020-12-17 17:50:01,259] - baseLog.py] - INFO: 登录测试开始
[2020-12-17 17:50:01,261] - baseLog.py] - INFO: 获取屏幕中心坐标
[2020-12-17 17:50:01,415] - baseLog.py] - ERROR: 获取屏幕中心坐标失败
[2020-12-17 17:50:01,657] - baseLog.py] - INFO: 页面截图文件保存在：D:\work\app\screenshot\20201217175001_启动页.png
[2020-12-17 18:20:36,182] - baseLog.py] - INFO: APP启动成功...
[2020-12-17 18:20:38,203] - baseLog.py] - INFO: 登录测试开始
[2020-12-17 18:20:38,204] - baseLog.py] - INFO: 获取屏幕中心坐标
[2020-12-17 18:20:38,213] - baseLog.py] - ERROR: 获取屏幕中心坐标失败
[2020-12-17 18:20:38,468] - baseLog.py] - INFO: 页面截图文件保存在：D:\work\app\screenshot\20201217182038_启动页.png
[2020-12-17 18:59:57,922] - baseLog.py] - INFO: APP启动成功...
[2020-12-17 18:59:59,929] - baseLog.py] - INFO: 登录测试开始
[2020-12-17 18:59:59,930] - baseLog.py] - INFO: 获取屏幕中心坐标
[2020-12-17 18:59:59,938] - baseLog.py] - ERROR: 获取屏幕中心坐标失败
[2020-12-17 19:00:00,189] - baseLog.py] - INFO: 页面截图文件保存在：D:\work\app\screenshot\20201217185959_启动页.png
[2020-12-17 19:02:08,586] - baseLog.py] - INFO: APP启动成功...
[2020-12-17 19:02:10,596] - baseLog.py] - INFO: 登录测试开始
[2020-12-17 19:02:10,598] - baseLog.py] - INFO: 获取屏幕中心坐标
[2020-12-17 19:02:10,620] - baseLog.py] - ERROR: 获取屏幕中心坐标失败
[2020-12-17 19:02:10,892] - baseLog.py] - INFO: 页面截图文件保存在：D:\work\app\screenshot\20201217190210_启动页.png
[2020-12-17 19:05:36,096] - baseLog.py] - INFO: APP启动成功...
[2020-12-17 19:05:38,102] - baseLog.py] - INFO: 登录测试开始
[2020-12-17 19:05:38,103] - baseLog.py] - INFO: 获取屏幕中心坐标
[2020-12-17 19:05:38,698] - baseLog.py] - ERROR: 获取屏幕中心坐标失败
[2020-12-17 19:05:38,916] - baseLog.py] - INFO: 页面截图文件保存在：D:\work\app\screenshot\20201217190538_启动页.png
[2020-12-17 19:07:31,011] - baseLog.py] - INFO: APP启动成功...
[2020-12-17 19:07:33,024] - baseLog.py] - INFO: 登录测试开始
[2020-12-17 19:07:33,027] - baseLog.py] - INFO: 获取屏幕中心坐标
[2020-12-17 19:07:33,192] - baseLog.py] - INFO: 登录开始。。。
[2020-12-17 19:07:33,193] - baseLog.py] - INFO: 输入用户名：80663333
[2020-12-17 19:07:33,194] - baseLog.py] - INFO: 在用户名中输入元素<('id', 'com.yonghui.cloud.freshstore:id/username_et')>的内容为80663333
[2020-12-17 19:07:33,195] - baseLog.py] - INFO: 开始等待页面元素<('id', 'com.yonghui.cloud.freshstore:id/username_et')>是否可见
[2020-12-17 19:07:59,312] - baseLog.py] - ERROR: 页面元素<('id', 'com.yonghui.cloud.freshstore:id/username_et')>等待可见失败
[2020-12-17 19:07:59,546] - baseLog.py] - INFO: 页面截图文件保存在：D:\work\app\screenshot\20201217190759_用户名.png
[2020-12-17 19:07:59,547] - baseLog.py] - ERROR: 在元素<('id', 'com.yonghui.cloud.freshstore:id/username_et')>中输入内容80663333失败
[2020-12-17 19:07:59,781] - baseLog.py] - INFO: 页面截图文件保存在：D:\work\app\screenshot\20201217190759_用户名.png
[2020-12-17 19:53:10,294] - baseLog.py] - INFO: APP启动成功...
[2020-12-17 19:53:12,304] - baseLog.py] - INFO: 登录测试开始
[2020-12-17 19:53:12,305] - baseLog.py] - INFO: 在启动页中查找元素<('xpath', '/hierarchy/android.widget.FrameLayout/android.widget.LinearLayout/android.widget.FrameLayout/android.widget.LinearLayout/android.widget.FrameLayout/android.widget.RelativeLayout/android.support.v4.view.ViewPager/android.widget.LinearLayout/android.widget.ImageView')>
[2020-12-17 19:53:12,441] - baseLog.py] - INFO: 开始向left方向滑动
[2020-12-17 19:53:14,354] - baseLog.py] - INFO: 开始向left方向滑动
[2020-12-17 19:53:16,300] - baseLog.py] - INFO: 开始向left方向滑动
[2020-12-17 19:53:18,186] - baseLog.py] - INFO: 开始向left方向滑动
[2020-12-17 19:53:20,087] - baseLog.py] - INFO: 开始向left方向滑动
[2020-12-17 19:53:21,994] - baseLog.py] - INFO: 开始向left方向滑动
[2020-12-17 19:53:23,850] - baseLog.py] - INFO: 开始向left方向滑动
[2020-12-17 20:17:54,267] - baseLog.py] - INFO: APP启动成功...
[2020-12-17 20:17:56,274] - baseLog.py] - INFO: 登录测试开始
[2020-12-17 20:18:32,030] - baseLog.py] - INFO: APP启动成功...
[2020-12-17 20:18:34,043] - baseLog.py] - INFO: 登录测试开始
[2020-12-17 20:18:34,129] - baseLog.py] - INFO: 开始向left方向滑动
[2020-12-17 20:18:36,134] - baseLog.py] - INFO: 开始向left方向滑动
[2020-12-17 20:18:38,128] - baseLog.py] - INFO: 开始向left方向滑动
[2020-12-17 20:18:40,166] - baseLog.py] - INFO: 开始向left方向滑动
[2020-12-17 20:18:42,592] - baseLog.py] - INFO: 登录开始。。。
[2020-12-17 20:18:42,592] - baseLog.py] - INFO: 输入用户名：80663333
[2020-12-17 20:18:42,592] - baseLog.py] - INFO: 在用户名中输入元素<('id', 'com.yonghui.cloud.freshstore:id/username_et')>的内容为80663333
[2020-12-17 20:18:42,593] - baseLog.py] - INFO: 开始等待页面元素<('id', 'com.yonghui.cloud.freshstore:id/username_et')>是否可见
[2020-12-17 20:18:42,630] - baseLog.py] - INFO: 页面元素<('id', 'com.yonghui.cloud.freshstore:id/username_et')>等待可见，等待时间：0.04秒
[2020-12-17 20:18:42,631] - baseLog.py] - INFO: 在用户名中查找元素<('id', 'com.yonghui.cloud.freshstore:id/username_et')>
[2020-12-17 20:18:43,444] - baseLog.py] - INFO: 输入密码：Xx123456
[2020-12-17 20:18:43,446] - baseLog.py] - INFO: 在密码中输入元素<('id', 'com.yonghui.cloud.freshstore:id/password_et')>的内容为Xx123456
[2020-12-17 20:18:43,446] - baseLog.py] - INFO: 开始等待页面元素<('id', 'com.yonghui.cloud.freshstore:id/password_et')>是否可见
[2020-12-17 20:18:43,966] - baseLog.py] - INFO: 页面元素<('id', 'com.yonghui.cloud.freshstore:id/password_et')>等待可见，等待时间：0.52秒
[2020-12-17 20:18:43,966] - baseLog.py] - INFO: 在密码中查找元素<('id', 'com.yonghui.cloud.freshstore:id/password_et')>
[2020-12-17 20:18:43,988] - baseLog.py] - INFO: 在登录按钮中点击元素<('id', 'com.yonghui.cloud.freshstore:id/loginBtView')>
[2020-12-17 20:18:43,989] - baseLog.py] - INFO: 开始等待页面元素<('id', 'com.yonghui.cloud.freshstore:id/loginBtView')>是否可点击!
[2020-12-17 20:18:44,509] - baseLog.py] - INFO: 页面元素<('id', 'com.yonghui.cloud.freshstore:id/loginBtView')>等待可点击，等待时间：0.52秒
[2020-12-17 20:18:44,509] - baseLog.py] - INFO: 在登录按钮中查找元素<('id', 'com.yonghui.cloud.freshstore:id/loginBtView')>
[2020-12-17 20:18:44,666] - baseLog.py] - INFO: 登录开始。。。
[2020-12-17 20:18:44,667] - baseLog.py] - INFO: 输入用户名：80663333
[2020-12-17 20:18:44,668] - baseLog.py] - INFO: 在用户名中输入元素<('id', 'com.yonghui.cloud.freshstore:id/username_et')>的内容为80663333
[2020-12-17 20:18:44,668] - baseLog.py] - INFO: 开始等待页面元素<('id', 'com.yonghui.cloud.freshstore:id/username_et')>是否可见
[2020-12-17 20:33:35,840] - baseLog.py] - INFO: APP启动成功...
[2020-12-17 20:33:37,849] - baseLog.py] - INFO: 登录测试开始
[2020-12-17 20:33:37,949] - baseLog.py] - INFO: 开始向left方向滑动
[2020-12-17 20:33:40,059] - baseLog.py] - INFO: 开始向left方向滑动
[2020-12-17 20:33:42,023] - baseLog.py] - INFO: 开始向left方向滑动
[2020-12-17 20:33:44,014] - baseLog.py] - INFO: 开始向left方向滑动
[2020-12-17 20:33:46,256] - baseLog.py] - INFO: 登录开始。。。
[2020-12-17 20:33:46,256] - baseLog.py] - INFO: 输入用户名：80663333
[2020-12-17 20:33:46,257] - baseLog.py] - INFO: 在用户名中输入元素<('id', 'com.yonghui.cloud.freshstore:id/username_et')>的内容为80663333
[2020-12-17 20:33:46,257] - baseLog.py] - INFO: 开始等待页面元素<('id', 'com.yonghui.cloud.freshstore:id/username_et')>是否可见
[2020-12-17 20:33:46,290] - baseLog.py] - INFO: 页面元素<('id', 'com.yonghui.cloud.freshstore:id/username_et')>等待可见，等待时间：0.03秒
[2020-12-17 20:33:46,290] - baseLog.py] - INFO: 在用户名中查找元素<('id', 'com.yonghui.cloud.freshstore:id/username_et')>
[2020-12-17 20:33:46,846] - baseLog.py] - INFO: 输入密码：Xx123456
[2020-12-17 20:33:46,847] - baseLog.py] - INFO: 在密码中输入元素<('id', 'com.yonghui.cloud.freshstore:id/password_et')>的内容为Xx123456
[2020-12-17 20:33:46,847] - baseLog.py] - INFO: 开始等待页面元素<('id', 'com.yonghui.cloud.freshstore:id/password_et')>是否可见
[2020-12-17 20:33:47,355] - baseLog.py] - INFO: 页面元素<('id', 'com.yonghui.cloud.freshstore:id/password_et')>等待可见，等待时间：0.51秒
[2020-12-17 20:33:47,356] - baseLog.py] - INFO: 在密码中查找元素<('id', 'com.yonghui.cloud.freshstore:id/password_et')>
[2020-12-17 20:33:47,374] - baseLog.py] - INFO: 在登录按钮中点击元素<('id', 'com.yonghui.cloud.freshstore:id/loginBtView')>
[2020-12-17 20:33:47,375] - baseLog.py] - INFO: 开始等待页面元素<('id', 'com.yonghui.cloud.freshstore:id/loginBtView')>是否可点击!
[2020-12-17 20:33:47,883] - baseLog.py] - INFO: 页面元素<('id', 'com.yonghui.cloud.freshstore:id/loginBtView')>等待可点击，等待时间：0.51秒
[2020-12-17 20:33:47,884] - baseLog.py] - INFO: 在登录按钮中查找元素<('id', 'com.yonghui.cloud.freshstore:id/loginBtView')>
[2020-12-17 20:33:47,903] - baseLog.py] - INFO: 在提示框1中点击元素<('id', 'com.yonghui.cloud.freshstore:id/cancle_btn')>
[2020-12-17 20:33:47,904] - baseLog.py] - INFO: 开始等待页面元素<('id', 'com.yonghui.cloud.freshstore:id/cancle_btn')>是否可点击!
[2020-12-17 20:33:49,633] - baseLog.py] - INFO: 页面元素<('id', 'com.yonghui.cloud.freshstore:id/cancle_btn')>等待可点击，等待时间：1.73秒
[2020-12-17 20:33:49,633] - baseLog.py] - INFO: 在提示框1中查找元素<('id', 'com.yonghui.cloud.freshstore:id/cancle_btn')>
[2020-12-17 20:33:49,649] - baseLog.py] - INFO: 在提示框2中点击元素<('id', 'com.yonghui.cloud.freshstore:id/ok_btn')>
[2020-12-17 20:33:49,650] - baseLog.py] - INFO: 开始等待页面元素<('id', 'com.yonghui.cloud.freshstore:id/ok_btn')>是否可点击!
[2020-12-17 20:33:50,313] - baseLog.py] - INFO: 页面元素<('id', 'com.yonghui.cloud.freshstore:id/ok_btn')>等待可点击，等待时间：0.66秒
[2020-12-17 20:33:50,314] - baseLog.py] - INFO: 在提示框2中查找元素<('id', 'com.yonghui.cloud.freshstore:id/ok_btn')>
[2020-12-17 20:33:50,335] - baseLog.py] - INFO: 在选择角色中点击元素<('id', 'com.yonghui.cloud.freshstore:id/baseTopTitleBtView')>
[2020-12-17 20:33:50,336] - baseLog.py] - INFO: 开始等待页面元素<('id', 'com.yonghui.cloud.freshstore:id/baseTopTitleBtView')>是否可点击!
[2020-12-17 20:33:51,291] - baseLog.py] - INFO: 页面元素<('id', 'com.yonghui.cloud.freshstore:id/baseTopTitleBtView')>等待可点击，等待时间：0.95秒
[2020-12-17 20:33:51,292] - baseLog.py] - INFO: 在选择角色中查找元素<('id', 'com.yonghui.cloud.freshstore:id/baseTopTitleBtView')>
[2020-12-17 20:33:51,337] - baseLog.py] - INFO: 开始向left方向滑动
[2020-12-17 20:33:53,690] - baseLog.py] - INFO: 开始向left方向滑动
[2020-12-17 20:33:56,436] - baseLog.py] - INFO: 开始向left方向滑动
[2020-12-17 20:33:58,418] - baseLog.py] - INFO: 开始向left方向滑动
[2020-12-17 20:34:00,586] - baseLog.py] - INFO: 开始向left方向滑动
[2020-12-17 20:34:03,145] - baseLog.py] - INFO: 开始向left方向滑动
[2020-12-17 20:34:05,598] - baseLog.py] - INFO: 开始向left方向滑动
[2020-12-17 20:34:07,535] - baseLog.py] - INFO: 开始向left方向滑动
