[2020-12-21 09:47:25,341] - baseLog.py] - INFO: APP启动成功...
[2020-12-21 09:47:27,353] - baseLog.py] - INFO: 登录测试开始
[2020-12-21 09:47:30,466] - baseLog.py] - INFO: 开始向left方向滑动
[2020-12-21 09:47:32,999] - baseLog.py] - INFO: 开始向left方向滑动
[2020-12-21 09:47:35,255] - baseLog.py] - INFO: 开始向left方向滑动
[2020-12-21 09:47:37,312] - baseLog.py] - INFO: 开始向left方向滑动
[2020-12-21 09:47:39,374] - baseLog.py] - INFO: 登录开始。。。
[2020-12-21 09:47:39,375] - baseLog.py] - INFO: 输入用户名：80663333
[2020-12-21 09:47:39,375] - baseLog.py] - INFO: 在用户名中输入元素<('id', 'com.yonghui.cloud.freshstore:id/username_et')>的内容为80663333
[2020-12-21 09:47:39,376] - baseLog.py] - INFO: 开始等待页面元素<('id', 'com.yonghui.cloud.freshstore:id/username_et')>是否可见
[2020-12-21 09:47:39,407] - baseLog.py] - INFO: 页面元素<('id', 'com.yonghui.cloud.freshstore:id/username_et')>等待可见，等待时间：0.03秒
[2020-12-21 09:47:39,408] - baseLog.py] - INFO: 在用户名中查找元素<('id', 'com.yonghui.cloud.freshstore:id/username_et')>
[2020-12-21 09:47:39,941] - baseLog.py] - INFO: 输入密码：Xx123456
[2020-12-21 09:47:39,942] - baseLog.py] - INFO: 在密码中输入元素<('id', 'com.yonghui.cloud.freshstore:id/password_et')>的内容为Xx123456
[2020-12-21 09:47:39,942] - baseLog.py] - INFO: 开始等待页面元素<('id', 'com.yonghui.cloud.freshstore:id/password_et')>是否可见
[2020-12-21 09:47:40,453] - baseLog.py] - INFO: 页面元素<('id', 'com.yonghui.cloud.freshstore:id/password_et')>等待可见，等待时间：0.51秒
[2020-12-21 09:47:40,454] - baseLog.py] - INFO: 在密码中查找元素<('id', 'com.yonghui.cloud.freshstore:id/password_et')>
[2020-12-21 09:47:40,482] - baseLog.py] - INFO: 在登录按钮中点击元素<('id', 'com.yonghui.cloud.freshstore:id/loginBtView')>
[2020-12-21 09:47:40,482] - baseLog.py] - INFO: 开始等待页面元素<('id', 'com.yonghui.cloud.freshstore:id/loginBtView')>是否可点击!
[2020-12-21 09:47:40,988] - baseLog.py] - INFO: 页面元素<('id', 'com.yonghui.cloud.freshstore:id/loginBtView')>等待可点击，等待时间：0.51秒
[2020-12-21 09:47:40,989] - baseLog.py] - INFO: 在登录按钮中查找元素<('id', 'com.yonghui.cloud.freshstore:id/loginBtView')>
[2020-12-21 09:47:41,010] - baseLog.py] - INFO: 在提示框1中点击元素<('id', 'com.yonghui.cloud.freshstore:id/cancle_btn')>
[2020-12-21 09:47:41,010] - baseLog.py] - INFO: 开始等待页面元素<('id', 'com.yonghui.cloud.freshstore:id/cancle_btn')>是否可点击!
[2020-12-21 09:47:42,633] - baseLog.py] - INFO: 页面元素<('id', 'com.yonghui.cloud.freshstore:id/cancle_btn')>等待可点击，等待时间：1.62秒
[2020-12-21 09:47:42,633] - baseLog.py] - INFO: 在提示框1中查找元素<('id', 'com.yonghui.cloud.freshstore:id/cancle_btn')>
[2020-12-21 09:47:42,651] - baseLog.py] - INFO: 在提示框2中点击元素<('id', 'com.yonghui.cloud.freshstore:id/ok_btn')>
[2020-12-21 09:47:42,652] - baseLog.py] - INFO: 开始等待页面元素<('id', 'com.yonghui.cloud.freshstore:id/ok_btn')>是否可点击!
[2020-12-21 09:47:43,309] - baseLog.py] - INFO: 页面元素<('id', 'com.yonghui.cloud.freshstore:id/ok_btn')>等待可点击，等待时间：0.66秒
[2020-12-21 09:47:43,309] - baseLog.py] - INFO: 在提示框2中查找元素<('id', 'com.yonghui.cloud.freshstore:id/ok_btn')>
[2020-12-21 09:47:43,327] - baseLog.py] - INFO: 在选择角色中点击元素<('id', 'com.yonghui.cloud.freshstore:id/baseTopTitleBtView')>
[2020-12-21 09:47:43,328] - baseLog.py] - INFO: 开始等待页面元素<('id', 'com.yonghui.cloud.freshstore:id/baseTopTitleBtView')>是否可点击!
[2020-12-21 09:47:44,341] - baseLog.py] - INFO: 页面元素<('id', 'com.yonghui.cloud.freshstore:id/baseTopTitleBtView')>等待可点击，等待时间：1.01秒
[2020-12-21 09:47:44,342] - baseLog.py] - INFO: 在选择角色中查找元素<('id', 'com.yonghui.cloud.freshstore:id/baseTopTitleBtView')>
[2020-12-21 09:47:44,389] - baseLog.py] - INFO: 开始向left方向滑动
[2020-12-21 09:47:46,768] - baseLog.py] - INFO: 开始向left方向滑动
[2020-12-21 09:47:49,404] - baseLog.py] - INFO: 开始向left方向滑动
[2020-12-21 09:47:51,324] - baseLog.py] - INFO: 开始向left方向滑动
[2020-12-21 09:47:53,442] - baseLog.py] - INFO: 开始向left方向滑动
[2020-12-21 09:47:55,955] - baseLog.py] - INFO: 开始向left方向滑动
[2020-12-21 09:47:58,019] - baseLog.py] - INFO: 开始向left方向滑动
[2020-12-21 09:47:59,920] - baseLog.py] - INFO: 开始向left方向滑动
[2020-12-21 09:48:01,819] - baseLog.py] - INFO: 开始向left方向滑动
[2020-12-21 09:48:03,729] - baseLog.py] - INFO: 开始向left方向滑动
[2020-12-21 09:48:05,653] - baseLog.py] - INFO: 开始向left方向滑动
[2020-12-21 09:58:16,559] - baseLog.py] - INFO: APP启动成功...
[2020-12-21 09:58:18,569] - baseLog.py] - INFO: 登录测试开始
[2020-12-21 09:58:18,680] - baseLog.py] - INFO: 开始向left方向滑动
[2020-12-21 09:58:20,876] - baseLog.py] - INFO: 开始向left方向滑动
[2020-12-21 09:58:22,857] - baseLog.py] - INFO: 开始向left方向滑动
[2020-12-21 09:58:24,915] - baseLog.py] - INFO: 开始向left方向滑动
[2020-12-21 09:58:27,112] - baseLog.py] - INFO: 登录开始。。。
[2020-12-21 09:58:27,112] - baseLog.py] - INFO: 输入用户名：80663333
[2020-12-21 09:58:27,113] - baseLog.py] - INFO: 在用户名中输入元素<('id', 'com.yonghui.cloud.freshstore:id/username_et')>的内容为80663333
[2020-12-21 09:58:27,113] - baseLog.py] - INFO: 开始等待页面元素<('id', 'com.yonghui.cloud.freshstore:id/username_et')>是否可见
[2020-12-21 09:58:27,154] - baseLog.py] - INFO: 页面元素<('id', 'com.yonghui.cloud.freshstore:id/username_et')>等待可见，等待时间：0.04秒
[2020-12-21 09:58:27,155] - baseLog.py] - INFO: 在用户名中查找元素<('id', 'com.yonghui.cloud.freshstore:id/username_et')>
[2020-12-21 09:58:27,691] - baseLog.py] - INFO: 输入密码：Xx123456
[2020-12-21 09:58:27,692] - baseLog.py] - INFO: 在密码中输入元素<('id', 'com.yonghui.cloud.freshstore:id/password_et')>的内容为Xx123456
[2020-12-21 09:58:27,692] - baseLog.py] - INFO: 开始等待页面元素<('id', 'com.yonghui.cloud.freshstore:id/password_et')>是否可见
[2020-12-21 09:58:28,204] - baseLog.py] - INFO: 页面元素<('id', 'com.yonghui.cloud.freshstore:id/password_et')>等待可见，等待时间：0.51秒
[2020-12-21 09:58:28,205] - baseLog.py] - INFO: 在密码中查找元素<('id', 'com.yonghui.cloud.freshstore:id/password_et')>
[2020-12-21 09:58:28,226] - baseLog.py] - INFO: 在登录按钮中点击元素<('id', 'com.yonghui.cloud.freshstore:id/loginBtView')>
[2020-12-21 09:58:28,226] - baseLog.py] - INFO: 开始等待页面元素<('id', 'com.yonghui.cloud.freshstore:id/loginBtView')>是否可点击!
[2020-12-21 09:58:28,736] - baseLog.py] - INFO: 页面元素<('id', 'com.yonghui.cloud.freshstore:id/loginBtView')>等待可点击，等待时间：0.51秒
[2020-12-21 09:58:28,737] - baseLog.py] - INFO: 在登录按钮中查找元素<('id', 'com.yonghui.cloud.freshstore:id/loginBtView')>
[2020-12-21 09:58:28,774] - baseLog.py] - INFO: 在提示框1中点击元素<('id', 'com.yonghui.cloud.freshstore:id/cancle_btn')>
[2020-12-21 09:58:28,774] - baseLog.py] - INFO: 开始等待页面元素<('id', 'com.yonghui.cloud.freshstore:id/cancle_btn')>是否可点击!
[2020-12-21 09:58:30,549] - baseLog.py] - INFO: 页面元素<('id', 'com.yonghui.cloud.freshstore:id/cancle_btn')>等待可点击，等待时间：1.77秒
[2020-12-21 09:58:30,549] - baseLog.py] - INFO: 在提示框1中查找元素<('id', 'com.yonghui.cloud.freshstore:id/cancle_btn')>
[2020-12-21 09:58:30,565] - baseLog.py] - INFO: 在提示框2中点击元素<('id', 'com.yonghui.cloud.freshstore:id/ok_btn')>
[2020-12-21 09:58:30,566] - baseLog.py] - INFO: 开始等待页面元素<('id', 'com.yonghui.cloud.freshstore:id/ok_btn')>是否可点击!
[2020-12-21 09:58:31,230] - baseLog.py] - INFO: 页面元素<('id', 'com.yonghui.cloud.freshstore:id/ok_btn')>等待可点击，等待时间：0.66秒
[2020-12-21 09:58:31,231] - baseLog.py] - INFO: 在提示框2中查找元素<('id', 'com.yonghui.cloud.freshstore:id/ok_btn')>
[2020-12-21 09:58:31,246] - baseLog.py] - INFO: 在选择角色中点击元素<('id', 'com.yonghui.cloud.freshstore:id/baseTopTitleBtView')>
[2020-12-21 09:58:31,247] - baseLog.py] - INFO: 开始等待页面元素<('id', 'com.yonghui.cloud.freshstore:id/baseTopTitleBtView')>是否可点击!
[2020-12-21 09:58:32,276] - baseLog.py] - INFO: 页面元素<('id', 'com.yonghui.cloud.freshstore:id/baseTopTitleBtView')>等待可点击，等待时间：1.03秒
[2020-12-21 09:58:32,277] - baseLog.py] - INFO: 在选择角色中查找元素<('id', 'com.yonghui.cloud.freshstore:id/baseTopTitleBtView')>
[2020-12-21 09:58:32,297] - baseLog.py] - INFO: 在登录完成，获取断言文本中获取元素<('id', 'com.yonghui.cloud.freshstore:id/bottom_tv_two')>的文本值
[2020-12-21 09:58:32,297] - baseLog.py] - INFO: 开始等待页面元素<('id', 'com.yonghui.cloud.freshstore:id/bottom_tv_two')>是否可见
[2020-12-21 09:58:58,279] - baseLog.py] - ERROR: 页面元素<('id', 'com.yonghui.cloud.freshstore:id/bottom_tv_two')>等待可见失败
[2020-12-21 09:58:59,085] - baseLog.py] - INFO: 页面截图文件保存在：D:\work\app\screenshot\20201221095858_登录完成，获取断言文本.png
[2020-12-21 09:58:59,086] - baseLog.py] - ERROR: 在登录完成，获取断言文本中获取元素<('id', 'com.yonghui.cloud.freshstore:id/bottom_tv_two')>的文本值失败
[2020-12-21 09:58:59,870] - baseLog.py] - INFO: 页面截图文件保存在：D:\work\app\screenshot\20201221095859_登录完成，获取断言文本.png
[2020-12-21 10:04:48,132] - baseLog.py] - INFO: APP启动成功...
[2020-12-21 10:04:50,145] - baseLog.py] - INFO: 登录测试开始
[2020-12-21 10:04:50,226] - baseLog.py] - INFO: 开始向left方向滑动
[2020-12-21 10:04:52,438] - baseLog.py] - INFO: 开始向left方向滑动
[2020-12-21 10:04:54,413] - baseLog.py] - INFO: 开始向left方向滑动
[2020-12-21 10:04:56,418] - baseLog.py] - INFO: 开始向left方向滑动
[2020-12-21 10:04:58,662] - baseLog.py] - INFO: 登录开始。。。
[2020-12-21 10:04:58,662] - baseLog.py] - INFO: 输入用户名：80663333
[2020-12-21 10:04:58,663] - baseLog.py] - INFO: 在用户名中输入元素<('id', 'com.yonghui.cloud.freshstore:id/username_et')>的内容为80663333
[2020-12-21 10:04:58,663] - baseLog.py] - INFO: 开始等待页面元素<('id', 'com.yonghui.cloud.freshstore:id/username_et')>是否可见
[2020-12-21 10:04:58,692] - baseLog.py] - INFO: 页面元素<('id', 'com.yonghui.cloud.freshstore:id/username_et')>等待可见，等待时间：0.03秒
[2020-12-21 10:04:58,693] - baseLog.py] - INFO: 在用户名中查找元素<('id', 'com.yonghui.cloud.freshstore:id/username_et')>
[2020-12-21 10:04:59,263] - baseLog.py] - INFO: 输入密码：Xx123456
[2020-12-21 10:04:59,264] - baseLog.py] - INFO: 在密码中输入元素<('id', 'com.yonghui.cloud.freshstore:id/password_et')>的内容为Xx123456
[2020-12-21 10:04:59,266] - baseLog.py] - INFO: 开始等待页面元素<('id', 'com.yonghui.cloud.freshstore:id/password_et')>是否可见
[2020-12-21 10:04:59,782] - baseLog.py] - INFO: 页面元素<('id', 'com.yonghui.cloud.freshstore:id/password_et')>等待可见，等待时间：0.52秒
[2020-12-21 10:04:59,783] - baseLog.py] - INFO: 在密码中查找元素<('id', 'com.yonghui.cloud.freshstore:id/password_et')>
[2020-12-21 10:04:59,802] - baseLog.py] - INFO: 在登录按钮中点击元素<('id', 'com.yonghui.cloud.freshstore:id/loginBtView')>
[2020-12-21 10:04:59,802] - baseLog.py] - INFO: 开始等待页面元素<('id', 'com.yonghui.cloud.freshstore:id/loginBtView')>是否可点击!
[2020-12-21 10:05:00,320] - baseLog.py] - INFO: 页面元素<('id', 'com.yonghui.cloud.freshstore:id/loginBtView')>等待可点击，等待时间：0.52秒
[2020-12-21 10:05:00,321] - baseLog.py] - INFO: 在登录按钮中查找元素<('id', 'com.yonghui.cloud.freshstore:id/loginBtView')>
[2020-12-21 10:05:00,372] - baseLog.py] - INFO: 在提示框1中点击元素<('id', 'com.yonghui.cloud.freshstore:id/cancle_btn')>
[2020-12-21 10:05:00,373] - baseLog.py] - INFO: 开始等待页面元素<('id', 'com.yonghui.cloud.freshstore:id/cancle_btn')>是否可点击!
[2020-12-21 10:05:02,080] - baseLog.py] - INFO: 页面元素<('id', 'com.yonghui.cloud.freshstore:id/cancle_btn')>等待可点击，等待时间：1.71秒
[2020-12-21 10:05:02,081] - baseLog.py] - INFO: 在提示框1中查找元素<('id', 'com.yonghui.cloud.freshstore:id/cancle_btn')>
[2020-12-21 10:05:02,100] - baseLog.py] - INFO: 在提示框2中点击元素<('id', 'com.yonghui.cloud.freshstore:id/ok_btn')>
[2020-12-21 10:05:02,100] - baseLog.py] - INFO: 开始等待页面元素<('id', 'com.yonghui.cloud.freshstore:id/ok_btn')>是否可点击!
[2020-12-21 10:05:02,761] - baseLog.py] - INFO: 页面元素<('id', 'com.yonghui.cloud.freshstore:id/ok_btn')>等待可点击，等待时间：0.66秒
[2020-12-21 10:05:02,761] - baseLog.py] - INFO: 在提示框2中查找元素<('id', 'com.yonghui.cloud.freshstore:id/ok_btn')>
[2020-12-21 10:05:02,779] - baseLog.py] - INFO: 在选择角色中点击元素<('id', 'com.yonghui.cloud.freshstore:id/permission_firm_txt')>
[2020-12-21 10:05:02,779] - baseLog.py] - INFO: 开始等待页面元素<('id', 'com.yonghui.cloud.freshstore:id/permission_firm_txt')>是否可点击!
[2020-12-21 10:05:03,731] - baseLog.py] - INFO: 页面元素<('id', 'com.yonghui.cloud.freshstore:id/permission_firm_txt')>等待可点击，等待时间：0.95秒
[2020-12-21 10:05:03,732] - baseLog.py] - INFO: 在选择角色中查找元素<('id', 'com.yonghui.cloud.freshstore:id/permission_firm_txt')>
[2020-12-21 10:05:03,750] - baseLog.py] - INFO: 在登录完成，获取断言文本中获取元素<('id', 'com.yonghui.cloud.freshstore:id/bottom_tv_two')>的文本值
[2020-12-21 10:05:03,750] - baseLog.py] - INFO: 开始等待页面元素<('id', 'com.yonghui.cloud.freshstore:id/bottom_tv_two')>是否可见
[2020-12-21 10:05:05,333] - baseLog.py] - INFO: 页面元素<('id', 'com.yonghui.cloud.freshstore:id/bottom_tv_two')>等待可见，等待时间：1.58秒
[2020-12-21 10:05:05,334] - baseLog.py] - INFO: 在登录完成，获取断言文本中查找元素<('id', 'com.yonghui.cloud.freshstore:id/bottom_tv_two')>
[2020-12-21 10:05:05,355] - baseLog.py] - INFO: 获取到的元素文本值为：分类
[2020-12-21 16:52:50,179] - baseLog.py] - INFO: APP启动成功...
[2020-12-21 16:54:20,039] - baseLog.py] - INFO: APP启动成功...
[2020-12-21 16:54:48,385] - baseLog.py] - INFO: APP启动成功...
[2020-12-21 16:54:50,388] - baseLog.py] - INFO: 跳转主页测试开始
[2020-12-21 16:54:50,389] - baseLog.py] - INFO: 在主页页面中获取元素<('id', 'com.yonghui.cloud.freshstore:id/title_tv')>的文本值
[2020-12-21 16:54:50,389] - baseLog.py] - INFO: 开始等待页面元素<('id', 'com.yonghui.cloud.freshstore:id/title_tv')>是否可见
[2020-12-21 16:55:16,567] - baseLog.py] - ERROR: 页面元素<('id', 'com.yonghui.cloud.freshstore:id/title_tv')>等待可见失败
[2020-12-21 16:55:16,875] - baseLog.py] - INFO: 页面截图文件保存在：D:\work\app\screenshot\20201221165516_主页页面.png
[2020-12-21 16:55:16,875] - baseLog.py] - ERROR: 在主页页面中获取元素<('id', 'com.yonghui.cloud.freshstore:id/title_tv')>的文本值失败
[2020-12-21 16:55:17,125] - baseLog.py] - INFO: 页面截图文件保存在：D:\work\app\screenshot\20201221165516_主页页面.png
[2020-12-21 16:55:29,014] - baseLog.py] - INFO: APP启动成功...
[2020-12-21 16:55:31,017] - baseLog.py] - INFO: 登录测试开始
[2020-12-21 16:55:31,090] - baseLog.py] - INFO: 开始向left方向滑动
[2020-12-21 16:55:33,298] - baseLog.py] - INFO: 开始向left方向滑动
[2020-12-21 16:55:35,272] - baseLog.py] - INFO: 开始向left方向滑动
[2020-12-21 16:55:37,337] - baseLog.py] - INFO: 开始向left方向滑动
[2020-12-21 16:55:39,453] - baseLog.py] - INFO: 登录开始。。。
[2020-12-21 16:55:39,453] - baseLog.py] - INFO: 输入用户名：80663333
[2020-12-21 16:55:39,454] - baseLog.py] - INFO: 在用户名中输入元素<('id', 'com.yonghui.cloud.freshstore:id/username_et')>的内容为80663333
[2020-12-21 16:55:39,454] - baseLog.py] - INFO: 开始等待页面元素<('id', 'com.yonghui.cloud.freshstore:id/username_et')>是否可见
[2020-12-21 16:55:39,480] - baseLog.py] - INFO: 页面元素<('id', 'com.yonghui.cloud.freshstore:id/username_et')>等待可见，等待时间：0.03秒
[2020-12-21 16:55:39,480] - baseLog.py] - INFO: 在用户名中查找元素<('id', 'com.yonghui.cloud.freshstore:id/username_et')>
[2020-12-21 16:55:40,032] - baseLog.py] - INFO: 输入密码：Xx123456
[2020-12-21 16:55:40,033] - baseLog.py] - INFO: 在密码中输入元素<('id', 'com.yonghui.cloud.freshstore:id/password_et')>的内容为Xx123456
[2020-12-21 16:55:40,033] - baseLog.py] - INFO: 开始等待页面元素<('id', 'com.yonghui.cloud.freshstore:id/password_et')>是否可见
[2020-12-21 16:55:40,546] - baseLog.py] - INFO: 页面元素<('id', 'com.yonghui.cloud.freshstore:id/password_et')>等待可见，等待时间：0.51秒
[2020-12-21 16:55:40,547] - baseLog.py] - INFO: 在密码中查找元素<('id', 'com.yonghui.cloud.freshstore:id/password_et')>
[2020-12-21 16:55:40,567] - baseLog.py] - INFO: 在登录按钮中点击元素<('id', 'com.yonghui.cloud.freshstore:id/loginBtView')>
[2020-12-21 16:55:40,567] - baseLog.py] - INFO: 开始等待页面元素<('id', 'com.yonghui.cloud.freshstore:id/loginBtView')>是否可点击!
[2020-12-21 16:55:41,074] - baseLog.py] - INFO: 页面元素<('id', 'com.yonghui.cloud.freshstore:id/loginBtView')>等待可点击，等待时间：0.51秒
[2020-12-21 16:55:41,074] - baseLog.py] - INFO: 在登录按钮中查找元素<('id', 'com.yonghui.cloud.freshstore:id/loginBtView')>
[2020-12-21 16:55:41,096] - baseLog.py] - INFO: 在提示框1中点击元素<('id', 'com.yonghui.cloud.freshstore:id/cancle_btn')>
[2020-12-21 16:55:41,096] - baseLog.py] - INFO: 开始等待页面元素<('id', 'com.yonghui.cloud.freshstore:id/cancle_btn')>是否可点击!
[2020-12-21 16:55:42,744] - baseLog.py] - INFO: 页面元素<('id', 'com.yonghui.cloud.freshstore:id/cancle_btn')>等待可点击，等待时间：1.65秒
[2020-12-21 16:55:42,744] - baseLog.py] - INFO: 在提示框1中查找元素<('id', 'com.yonghui.cloud.freshstore:id/cancle_btn')>
[2020-12-21 16:55:42,763] - baseLog.py] - INFO: 在提示框2中点击元素<('id', 'com.yonghui.cloud.freshstore:id/ok_btn')>
[2020-12-21 16:55:42,763] - baseLog.py] - INFO: 开始等待页面元素<('id', 'com.yonghui.cloud.freshstore:id/ok_btn')>是否可点击!
[2020-12-21 16:55:43,430] - baseLog.py] - INFO: 页面元素<('id', 'com.yonghui.cloud.freshstore:id/ok_btn')>等待可点击，等待时间：0.67秒
[2020-12-21 16:55:43,430] - baseLog.py] - INFO: 在提示框2中查找元素<('id', 'com.yonghui.cloud.freshstore:id/ok_btn')>
[2020-12-21 16:55:43,448] - baseLog.py] - INFO: 在选择角色中点击元素<('id', 'com.yonghui.cloud.freshstore:id/permission_firm_txt')>
[2020-12-21 16:55:43,448] - baseLog.py] - INFO: 开始等待页面元素<('id', 'com.yonghui.cloud.freshstore:id/permission_firm_txt')>是否可点击!
[2020-12-21 16:55:44,421] - baseLog.py] - INFO: 页面元素<('id', 'com.yonghui.cloud.freshstore:id/permission_firm_txt')>等待可点击，等待时间：0.97秒
[2020-12-21 16:55:44,422] - baseLog.py] - INFO: 在选择角色中查找元素<('id', 'com.yonghui.cloud.freshstore:id/permission_firm_txt')>
[2020-12-21 16:55:44,441] - baseLog.py] - INFO: 在登录完成，获取断言文本中获取元素<('id', 'com.yonghui.cloud.freshstore:id/bottom_tv_two')>的文本值
[2020-12-21 16:55:44,442] - baseLog.py] - INFO: 开始等待页面元素<('id', 'com.yonghui.cloud.freshstore:id/bottom_tv_two')>是否可见
[2020-12-21 16:55:46,034] - baseLog.py] - INFO: 页面元素<('id', 'com.yonghui.cloud.freshstore:id/bottom_tv_two')>等待可见，等待时间：1.59秒
[2020-12-21 16:55:46,035] - baseLog.py] - INFO: 在登录完成，获取断言文本中查找元素<('id', 'com.yonghui.cloud.freshstore:id/bottom_tv_two')>
[2020-12-21 16:55:46,059] - baseLog.py] - INFO: 获取到的元素文本值为：分类
[2020-12-21 17:04:49,118] - baseLog.py] - INFO: APP启动成功...
[2020-12-21 17:04:51,122] - baseLog.py] - INFO: 跳转主页测试开始
[2020-12-21 17:04:51,123] - baseLog.py] - INFO: 在主页页面中获取元素<('id', 'com.yonghui.cloud.freshstore:id/title_tv')>的文本值
[2020-12-21 17:04:51,123] - baseLog.py] - INFO: 开始等待页面元素<('id', 'com.yonghui.cloud.freshstore:id/title_tv')>是否可见
[2020-12-21 17:05:17,266] - baseLog.py] - ERROR: 页面元素<('id', 'com.yonghui.cloud.freshstore:id/title_tv')>等待可见失败
[2020-12-21 17:05:17,505] - baseLog.py] - INFO: 页面截图文件保存在：D:\work\app\screenshot\20201221170517_主页页面.png
[2020-12-21 17:05:17,505] - baseLog.py] - ERROR: 在主页页面中获取元素<('id', 'com.yonghui.cloud.freshstore:id/title_tv')>的文本值失败
[2020-12-21 17:05:17,728] - baseLog.py] - INFO: 页面截图文件保存在：D:\work\app\screenshot\20201221170517_主页页面.png
[2020-12-21 17:05:30,999] - baseLog.py] - INFO: APP启动成功...
[2020-12-21 17:05:33,003] - baseLog.py] - INFO: 登录测试开始
[2020-12-21 17:05:33,057] - baseLog.py] - INFO: 开始向left方向滑动
[2020-12-21 17:05:35,285] - baseLog.py] - INFO: 开始向left方向滑动
[2020-12-21 17:05:37,279] - baseLog.py] - INFO: 开始向left方向滑动
[2020-12-21 17:05:39,351] - baseLog.py] - INFO: 开始向left方向滑动
[2020-12-21 17:05:41,528] - baseLog.py] - INFO: 登录开始。。。
[2020-12-21 17:05:41,529] - baseLog.py] - INFO: 输入用户名：80663333
[2020-12-21 17:05:41,529] - baseLog.py] - INFO: 在用户名中输入元素<('id', 'com.yonghui.cloud.freshstore:id/username_et')>的内容为80663333
[2020-12-21 17:05:41,529] - baseLog.py] - INFO: 开始等待页面元素<('id', 'com.yonghui.cloud.freshstore:id/username_et')>是否可见
[2020-12-21 17:05:41,559] - baseLog.py] - INFO: 页面元素<('id', 'com.yonghui.cloud.freshstore:id/username_et')>等待可见，等待时间：0.03秒
[2020-12-21 17:05:41,559] - baseLog.py] - INFO: 在用户名中查找元素<('id', 'com.yonghui.cloud.freshstore:id/username_et')>
[2020-12-21 17:05:42,102] - baseLog.py] - INFO: 输入密码：Xx123456
[2020-12-21 17:05:42,102] - baseLog.py] - INFO: 在密码中输入元素<('id', 'com.yonghui.cloud.freshstore:id/password_et')>的内容为Xx123456
[2020-12-21 17:05:42,103] - baseLog.py] - INFO: 开始等待页面元素<('id', 'com.yonghui.cloud.freshstore:id/password_et')>是否可见
[2020-12-21 17:05:42,615] - baseLog.py] - INFO: 页面元素<('id', 'com.yonghui.cloud.freshstore:id/password_et')>等待可见，等待时间：0.51秒
[2020-12-21 17:05:42,616] - baseLog.py] - INFO: 在密码中查找元素<('id', 'com.yonghui.cloud.freshstore:id/password_et')>
[2020-12-21 17:05:42,633] - baseLog.py] - INFO: 在登录按钮中点击元素<('id', 'com.yonghui.cloud.freshstore:id/loginBtView')>
[2020-12-21 17:05:42,633] - baseLog.py] - INFO: 开始等待页面元素<('id', 'com.yonghui.cloud.freshstore:id/loginBtView')>是否可点击!
[2020-12-21 17:05:43,140] - baseLog.py] - INFO: 页面元素<('id', 'com.yonghui.cloud.freshstore:id/loginBtView')>等待可点击，等待时间：0.51秒
[2020-12-21 17:05:43,140] - baseLog.py] - INFO: 在登录按钮中查找元素<('id', 'com.yonghui.cloud.freshstore:id/loginBtView')>
[2020-12-21 17:05:43,171] - baseLog.py] - INFO: 在提示框1中点击元素<('id', 'com.yonghui.cloud.freshstore:id/cancle_btn')>
[2020-12-21 17:05:43,172] - baseLog.py] - INFO: 开始等待页面元素<('id', 'com.yonghui.cloud.freshstore:id/cancle_btn')>是否可点击!
[2020-12-21 17:05:44,820] - baseLog.py] - INFO: 页面元素<('id', 'com.yonghui.cloud.freshstore:id/cancle_btn')>等待可点击，等待时间：1.65秒
[2020-12-21 17:05:44,820] - baseLog.py] - INFO: 在提示框1中查找元素<('id', 'com.yonghui.cloud.freshstore:id/cancle_btn')>
[2020-12-21 17:05:44,836] - baseLog.py] - INFO: 在提示框2中点击元素<('id', 'com.yonghui.cloud.freshstore:id/ok_btn')>
[2020-12-21 17:05:44,836] - baseLog.py] - INFO: 开始等待页面元素<('id', 'com.yonghui.cloud.freshstore:id/ok_btn')>是否可点击!
[2020-12-21 17:05:45,514] - baseLog.py] - INFO: 页面元素<('id', 'com.yonghui.cloud.freshstore:id/ok_btn')>等待可点击，等待时间：0.68秒
[2020-12-21 17:05:45,515] - baseLog.py] - INFO: 在提示框2中查找元素<('id', 'com.yonghui.cloud.freshstore:id/ok_btn')>
[2020-12-21 17:05:45,532] - baseLog.py] - INFO: 在选择角色中点击元素<('id', 'com.yonghui.cloud.freshstore:id/permission_firm_txt')>
[2020-12-21 17:05:45,532] - baseLog.py] - INFO: 开始等待页面元素<('id', 'com.yonghui.cloud.freshstore:id/permission_firm_txt')>是否可点击!
[2020-12-21 17:05:46,508] - baseLog.py] - INFO: 页面元素<('id', 'com.yonghui.cloud.freshstore:id/permission_firm_txt')>等待可点击，等待时间：0.98秒
[2020-12-21 17:05:46,509] - baseLog.py] - INFO: 在选择角色中查找元素<('id', 'com.yonghui.cloud.freshstore:id/permission_firm_txt')>
[2020-12-21 17:05:46,526] - baseLog.py] - INFO: 在登录完成，获取断言文本中获取元素<('id', 'com.yonghui.cloud.freshstore:id/bottom_tv_two1')>的文本值
[2020-12-21 17:05:46,527] - baseLog.py] - INFO: 开始等待页面元素<('id', 'com.yonghui.cloud.freshstore:id/bottom_tv_two1')>是否可见
[2020-12-21 17:06:13,110] - baseLog.py] - ERROR: 页面元素<('id', 'com.yonghui.cloud.freshstore:id/bottom_tv_two1')>等待可见失败
[2020-12-21 17:06:13,349] - baseLog.py] - INFO: 页面截图文件保存在：D:\work\app\screenshot\20201221170613_登录完成，获取断言文本.png
[2020-12-21 17:06:13,350] - baseLog.py] - ERROR: 在登录完成，获取断言文本中获取元素<('id', 'com.yonghui.cloud.freshstore:id/bottom_tv_two1')>的文本值失败
[2020-12-21 17:06:13,583] - baseLog.py] - INFO: 页面截图文件保存在：D:\work\app\screenshot\20201221170613_登录完成，获取断言文本.png
[2020-12-21 17:08:25,742] - baseLog.py] - INFO: APP启动成功...
[2020-12-21 17:08:27,745] - baseLog.py] - INFO: 跳转主页测试开始
[2020-12-21 17:08:27,746] - baseLog.py] - INFO: 在主页页面中获取元素<('id', 'com.yonghui.cloud.freshstore:id/title_tv')>的文本值
[2020-12-21 17:08:27,747] - baseLog.py] - INFO: 开始等待页面元素<('id', 'com.yonghui.cloud.freshstore:id/title_tv')>是否可见
[2020-12-21 17:08:53,814] - baseLog.py] - ERROR: 页面元素<('id', 'com.yonghui.cloud.freshstore:id/title_tv')>等待可见失败
[2020-12-21 17:08:54,046] - baseLog.py] - INFO: 页面截图文件保存在：D:\work\app\screenshot\20201221170853_主页页面.png
[2020-12-21 17:08:54,047] - baseLog.py] - ERROR: 在主页页面中获取元素<('id', 'com.yonghui.cloud.freshstore:id/title_tv')>的文本值失败
[2020-12-21 17:08:54,286] - baseLog.py] - INFO: 页面截图文件保存在：D:\work\app\screenshot\20201221170854_主页页面.png
[2020-12-21 17:09:07,757] - baseLog.py] - INFO: APP启动成功...
[2020-12-21 17:09:09,762] - baseLog.py] - INFO: 登录测试开始
[2020-12-21 17:09:09,858] - baseLog.py] - INFO: 开始向left方向滑动
[2020-12-21 17:09:12,005] - baseLog.py] - INFO: 开始向left方向滑动
[2020-12-21 17:09:14,001] - baseLog.py] - INFO: 开始向left方向滑动
[2020-12-21 17:09:16,017] - baseLog.py] - INFO: 开始向left方向滑动
[2020-12-21 17:09:18,324] - baseLog.py] - INFO: 登录开始。。。
[2020-12-21 17:09:18,324] - baseLog.py] - INFO: 输入用户名：80663333
[2020-12-21 17:09:18,324] - baseLog.py] - INFO: 在用户名中输入元素<('id', 'com.yonghui.cloud.freshstore:id/username_et')>的内容为80663333
[2020-12-21 17:09:18,324] - baseLog.py] - INFO: 开始等待页面元素<('id', 'com.yonghui.cloud.freshstore:id/username_et')>是否可见
[2020-12-21 17:09:18,381] - baseLog.py] - INFO: 页面元素<('id', 'com.yonghui.cloud.freshstore:id/username_et')>等待可见，等待时间：0.06秒
[2020-12-21 17:09:18,381] - baseLog.py] - INFO: 在用户名中查找元素<('id', 'com.yonghui.cloud.freshstore:id/username_et')>
[2020-12-21 17:09:18,918] - baseLog.py] - INFO: 输入密码：Xx123456
[2020-12-21 17:09:18,919] - baseLog.py] - INFO: 在密码中输入元素<('id', 'com.yonghui.cloud.freshstore:id/password_et')>的内容为Xx123456
[2020-12-21 17:09:18,919] - baseLog.py] - INFO: 开始等待页面元素<('id', 'com.yonghui.cloud.freshstore:id/password_et')>是否可见
[2020-12-21 17:09:19,430] - baseLog.py] - INFO: 页面元素<('id', 'com.yonghui.cloud.freshstore:id/password_et')>等待可见，等待时间：0.51秒
[2020-12-21 17:09:19,431] - baseLog.py] - INFO: 在密码中查找元素<('id', 'com.yonghui.cloud.freshstore:id/password_et')>
[2020-12-21 17:09:19,450] - baseLog.py] - INFO: 在登录按钮中点击元素<('id', 'com.yonghui.cloud.freshstore:id/loginBtView')>
[2020-12-21 17:09:19,450] - baseLog.py] - INFO: 开始等待页面元素<('id', 'com.yonghui.cloud.freshstore:id/loginBtView')>是否可点击!
[2020-12-21 17:09:19,959] - baseLog.py] - INFO: 页面元素<('id', 'com.yonghui.cloud.freshstore:id/loginBtView')>等待可点击，等待时间：0.51秒
[2020-12-21 17:09:19,959] - baseLog.py] - INFO: 在登录按钮中查找元素<('id', 'com.yonghui.cloud.freshstore:id/loginBtView')>
[2020-12-21 17:09:19,980] - baseLog.py] - INFO: 在提示框1中点击元素<('id', 'com.yonghui.cloud.freshstore:id/cancle_btn')>
[2020-12-21 17:09:19,980] - baseLog.py] - INFO: 开始等待页面元素<('id', 'com.yonghui.cloud.freshstore:id/cancle_btn')>是否可点击!
[2020-12-21 17:09:21,690] - baseLog.py] - INFO: 页面元素<('id', 'com.yonghui.cloud.freshstore:id/cancle_btn')>等待可点击，等待时间：1.71秒
[2020-12-21 17:09:21,690] - baseLog.py] - INFO: 在提示框1中查找元素<('id', 'com.yonghui.cloud.freshstore:id/cancle_btn')>
[2020-12-21 17:09:21,716] - baseLog.py] - INFO: 在提示框2中点击元素<('id', 'com.yonghui.cloud.freshstore:id/ok_btn')>
[2020-12-21 17:09:21,716] - baseLog.py] - INFO: 开始等待页面元素<('id', 'com.yonghui.cloud.freshstore:id/ok_btn')>是否可点击!
[2020-12-21 17:09:22,390] - baseLog.py] - INFO: 页面元素<('id', 'com.yonghui.cloud.freshstore:id/ok_btn')>等待可点击，等待时间：0.67秒
[2020-12-21 17:09:22,390] - baseLog.py] - INFO: 在提示框2中查找元素<('id', 'com.yonghui.cloud.freshstore:id/ok_btn')>
[2020-12-21 17:09:22,407] - baseLog.py] - INFO: 在选择角色中点击元素<('id', 'com.yonghui.cloud.freshstore:id/permission_firm_txt')>
[2020-12-21 17:09:22,408] - baseLog.py] - INFO: 开始等待页面元素<('id', 'com.yonghui.cloud.freshstore:id/permission_firm_txt')>是否可点击!
[2020-12-21 17:09:23,338] - baseLog.py] - INFO: 页面元素<('id', 'com.yonghui.cloud.freshstore:id/permission_firm_txt')>等待可点击，等待时间：0.93秒
[2020-12-21 17:09:23,338] - baseLog.py] - INFO: 在选择角色中查找元素<('id', 'com.yonghui.cloud.freshstore:id/permission_firm_txt')>
[2020-12-21 17:09:23,358] - baseLog.py] - INFO: 在登录完成，获取断言文本中获取元素<('id', 'com.yonghui.cloud.freshstore:id/bottom_tv_two')>的文本值
[2020-12-21 17:09:23,359] - baseLog.py] - INFO: 开始等待页面元素<('id', 'com.yonghui.cloud.freshstore:id/bottom_tv_two')>是否可见
[2020-12-21 17:09:25,148] - baseLog.py] - INFO: 页面元素<('id', 'com.yonghui.cloud.freshstore:id/bottom_tv_two')>等待可见，等待时间：1.79秒
[2020-12-21 17:09:25,148] - baseLog.py] - INFO: 在登录完成，获取断言文本中查找元素<('id', 'com.yonghui.cloud.freshstore:id/bottom_tv_two')>
[2020-12-21 17:09:25,171] - baseLog.py] - INFO: 获取到的元素文本值为：分类
[2020-12-21 17:26:18,783] - baseLog.py] - INFO: APP启动成功...
[2020-12-21 17:26:20,788] - baseLog.py] - INFO: 登录测试开始
[2020-12-21 17:26:20,857] - baseLog.py] - INFO: 开始向left方向滑动
[2020-12-21 17:26:22,981] - baseLog.py] - INFO: 开始向left方向滑动
[2020-12-21 17:26:24,963] - baseLog.py] - INFO: 开始向left方向滑动
[2020-12-21 17:26:26,991] - baseLog.py] - INFO: 开始向left方向滑动
[2020-12-21 17:26:29,350] - baseLog.py] - INFO: 登录开始。。。
[2020-12-21 17:26:29,351] - baseLog.py] - INFO: 输入用户名：80663333
[2020-12-21 17:26:29,351] - baseLog.py] - INFO: 在用户名中输入元素<('id', 'com.yonghui.cloud.freshstore:id/username_et')>的内容为80663333
[2020-12-21 17:26:29,352] - baseLog.py] - INFO: 开始等待页面元素<('id', 'com.yonghui.cloud.freshstore:id/username_et')>是否可见
[2020-12-21 17:26:29,388] - baseLog.py] - INFO: 页面元素<('id', 'com.yonghui.cloud.freshstore:id/username_et')>等待可见，等待时间：0.04秒
[2020-12-21 17:26:29,388] - baseLog.py] - INFO: 在用户名中查找元素<('id', 'com.yonghui.cloud.freshstore:id/username_et')>
[2020-12-21 17:26:29,919] - baseLog.py] - INFO: 输入密码：Xx123456
[2020-12-21 17:26:29,919] - baseLog.py] - INFO: 在密码中输入元素<('id', 'com.yonghui.cloud.freshstore:id/password_et')>的内容为Xx123456
[2020-12-21 17:26:29,920] - baseLog.py] - INFO: 开始等待页面元素<('id', 'com.yonghui.cloud.freshstore:id/password_et')>是否可见
[2020-12-21 17:26:30,443] - baseLog.py] - INFO: 页面元素<('id', 'com.yonghui.cloud.freshstore:id/password_et')>等待可见，等待时间：0.52秒
[2020-12-21 17:26:30,445] - baseLog.py] - INFO: 在密码中查找元素<('id', 'com.yonghui.cloud.freshstore:id/password_et')>
[2020-12-21 17:26:30,476] - baseLog.py] - INFO: 在登录按钮中点击元素<('id', 'com.yonghui.cloud.freshstore:id/loginBtView')>
[2020-12-21 17:26:30,477] - baseLog.py] - INFO: 开始等待页面元素<('id', 'com.yonghui.cloud.freshstore:id/loginBtView')>是否可点击!
[2020-12-21 17:26:30,993] - baseLog.py] - INFO: 页面元素<('id', 'com.yonghui.cloud.freshstore:id/loginBtView')>等待可点击，等待时间：0.52秒
[2020-12-21 17:26:30,993] - baseLog.py] - INFO: 在登录按钮中查找元素<('id', 'com.yonghui.cloud.freshstore:id/loginBtView')>
[2020-12-21 17:26:31,024] - baseLog.py] - INFO: 在提示框1中点击元素<('id', 'com.yonghui.cloud.freshstore:id/cancle_btn')>
[2020-12-21 17:26:31,025] - baseLog.py] - INFO: 开始等待页面元素<('id', 'com.yonghui.cloud.freshstore:id/cancle_btn')>是否可点击!
[2020-12-21 17:26:33,123] - baseLog.py] - INFO: 页面元素<('id', 'com.yonghui.cloud.freshstore:id/cancle_btn')>等待可点击，等待时间：2.1秒
[2020-12-21 17:26:33,124] - baseLog.py] - INFO: 在提示框1中查找元素<('id', 'com.yonghui.cloud.freshstore:id/cancle_btn')>
[2020-12-21 17:26:33,142] - baseLog.py] - INFO: 在提示框2中点击元素<('id', 'com.yonghui.cloud.freshstore:id/ok_btn')>
[2020-12-21 17:26:33,143] - baseLog.py] - INFO: 开始等待页面元素<('id', 'com.yonghui.cloud.freshstore:id/ok_btn')>是否可点击!
[2020-12-21 17:26:33,802] - baseLog.py] - INFO: 页面元素<('id', 'com.yonghui.cloud.freshstore:id/ok_btn')>等待可点击，等待时间：0.66秒
[2020-12-21 17:26:33,803] - baseLog.py] - INFO: 在提示框2中查找元素<('id', 'com.yonghui.cloud.freshstore:id/ok_btn')>
[2020-12-21 17:26:33,822] - baseLog.py] - INFO: 在选择角色中点击元素<('id', 'com.yonghui.cloud.freshstore:id/permission_firm_txt')>
[2020-12-21 17:26:33,823] - baseLog.py] - INFO: 开始等待页面元素<('id', 'com.yonghui.cloud.freshstore:id/permission_firm_txt')>是否可点击!
[2020-12-21 17:26:34,806] - baseLog.py] - INFO: 页面元素<('id', 'com.yonghui.cloud.freshstore:id/permission_firm_txt')>等待可点击，等待时间：0.98秒
[2020-12-21 17:26:34,807] - baseLog.py] - INFO: 在选择角色中查找元素<('id', 'com.yonghui.cloud.freshstore:id/permission_firm_txt')>
[2020-12-21 17:32:33,665] - baseLog.py] - INFO: APP启动成功...
[2020-12-21 17:32:35,669] - baseLog.py] - INFO: 登录测试开始
[2020-12-21 17:32:35,758] - baseLog.py] - INFO: 开始向left方向滑动
[2020-12-21 17:32:37,754] - baseLog.py] - INFO: 开始向left方向滑动
[2020-12-21 17:32:39,761] - baseLog.py] - INFO: 开始向left方向滑动
[2020-12-21 17:32:41,928] - baseLog.py] - INFO: 开始向left方向滑动
[2020-12-21 17:32:44,061] - baseLog.py] - INFO: 登录开始。。。
[2020-12-21 17:32:44,061] - baseLog.py] - INFO: 输入用户名：80663333
[2020-12-21 17:32:44,061] - baseLog.py] - INFO: 在用户名中输入元素<('id', 'com.yonghui.cloud.freshstore:id/username_et')>的内容为80663333
[2020-12-21 17:32:44,062] - baseLog.py] - INFO: 开始等待页面元素<('id', 'com.yonghui.cloud.freshstore:id/username_et')>是否可见
[2020-12-21 17:32:44,105] - baseLog.py] - INFO: 页面元素<('id', 'com.yonghui.cloud.freshstore:id/username_et')>等待可见，等待时间：0.04秒
[2020-12-21 17:32:44,105] - baseLog.py] - INFO: 在用户名中查找元素<('id', 'com.yonghui.cloud.freshstore:id/username_et')>
[2020-12-21 17:32:44,651] - baseLog.py] - INFO: 输入密码：Xx123456
[2020-12-21 17:32:44,652] - baseLog.py] - INFO: 在密码中输入元素<('id', 'com.yonghui.cloud.freshstore:id/password_et')>的内容为Xx123456
[2020-12-21 17:32:44,653] - baseLog.py] - INFO: 开始等待页面元素<('id', 'com.yonghui.cloud.freshstore:id/password_et')>是否可见
[2020-12-21 17:32:45,171] - baseLog.py] - INFO: 页面元素<('id', 'com.yonghui.cloud.freshstore:id/password_et')>等待可见，等待时间：0.52秒
[2020-12-21 17:32:45,172] - baseLog.py] - INFO: 在密码中查找元素<('id', 'com.yonghui.cloud.freshstore:id/password_et')>
[2020-12-21 17:32:45,191] - baseLog.py] - INFO: 在登录按钮中点击元素<('id', 'com.yonghui.cloud.freshstore:id/loginBtView')>
[2020-12-21 17:32:45,192] - baseLog.py] - INFO: 开始等待页面元素<('id', 'com.yonghui.cloud.freshstore:id/loginBtView')>是否可点击!
[2020-12-21 17:32:45,700] - baseLog.py] - INFO: 页面元素<('id', 'com.yonghui.cloud.freshstore:id/loginBtView')>等待可点击，等待时间：0.51秒
[2020-12-21 17:32:45,701] - baseLog.py] - INFO: 在登录按钮中查找元素<('id', 'com.yonghui.cloud.freshstore:id/loginBtView')>
[2020-12-21 17:32:45,719] - baseLog.py] - INFO: 在提示框1中点击元素<('id', 'com.yonghui.cloud.freshstore:id/cancle_btn')>
[2020-12-21 17:32:45,720] - baseLog.py] - INFO: 开始等待页面元素<('id', 'com.yonghui.cloud.freshstore:id/cancle_btn')>是否可点击!
[2020-12-21 17:32:47,606] - baseLog.py] - INFO: 页面元素<('id', 'com.yonghui.cloud.freshstore:id/cancle_btn')>等待可点击，等待时间：1.89秒
[2020-12-21 17:32:47,607] - baseLog.py] - INFO: 在提示框1中查找元素<('id', 'com.yonghui.cloud.freshstore:id/cancle_btn')>
[2020-12-21 17:32:47,624] - baseLog.py] - INFO: 在提示框2中点击元素<('id', 'com.yonghui.cloud.freshstore:id/ok_btn')>
[2020-12-21 17:32:47,624] - baseLog.py] - INFO: 开始等待页面元素<('id', 'com.yonghui.cloud.freshstore:id/ok_btn')>是否可点击!
[2020-12-21 17:32:48,285] - baseLog.py] - INFO: 页面元素<('id', 'com.yonghui.cloud.freshstore:id/ok_btn')>等待可点击，等待时间：0.66秒
[2020-12-21 17:32:48,286] - baseLog.py] - INFO: 在提示框2中查找元素<('id', 'com.yonghui.cloud.freshstore:id/ok_btn')>
[2020-12-21 17:32:48,308] - baseLog.py] - INFO: 在选择角色中点击元素<('id', 'com.yonghui.cloud.freshstore:id/permission_firm_txt')>
[2020-12-21 17:32:48,309] - baseLog.py] - INFO: 开始等待页面元素<('id', 'com.yonghui.cloud.freshstore:id/permission_firm_txt')>是否可点击!
[2020-12-21 17:32:49,302] - baseLog.py] - INFO: 页面元素<('id', 'com.yonghui.cloud.freshstore:id/permission_firm_txt')>等待可点击，等待时间：0.99秒
[2020-12-21 17:32:49,303] - baseLog.py] - INFO: 在选择角色中查找元素<('id', 'com.yonghui.cloud.freshstore:id/permission_firm_txt')>
[2020-12-21 17:32:49,320] - baseLog.py] - INFO: 在登录完成，获取断言文本中获取元素<('id', 'com.yonghui.cloud.freshstore:id/bottom_tv_two')>的文本值
[2020-12-21 17:32:49,321] - baseLog.py] - INFO: 开始等待页面元素<('id', 'com.yonghui.cloud.freshstore:id/bottom_tv_two')>是否可见
[2020-12-21 17:32:50,731] - baseLog.py] - INFO: 页面元素<('id', 'com.yonghui.cloud.freshstore:id/bottom_tv_two')>等待可见，等待时间：1.41秒
[2020-12-21 17:32:50,731] - baseLog.py] - INFO: 在登录完成，获取断言文本中查找元素<('id', 'com.yonghui.cloud.freshstore:id/bottom_tv_two')>
[2020-12-21 17:32:50,753] - baseLog.py] - INFO: 获取到的元素文本值为：分类
[2020-12-21 19:06:38,619] - baseLog.py] - INFO: APP启动成功...
[2020-12-21 19:07:26,834] - baseLog.py] - INFO: APP启动成功...
[2020-12-21 19:07:28,839] - baseLog.py] - INFO: 跳转主页测试开始
[2020-12-21 19:07:28,901] - baseLog.py] - INFO: 开始向left方向滑动
[2020-12-21 19:07:31,061] - baseLog.py] - INFO: 开始向left方向滑动
[2020-12-21 19:07:33,070] - baseLog.py] - INFO: 开始向left方向滑动
[2020-12-21 19:07:35,090] - baseLog.py] - INFO: 开始向left方向滑动
[2020-12-21 19:07:37,224] - baseLog.py] - INFO: 登录开始。。。
[2020-12-21 19:07:37,224] - baseLog.py] - INFO: 输入用户名：80663333
[2020-12-21 19:07:37,225] - baseLog.py] - INFO: 在用户名中输入元素<('id', 'com.yonghui.cloud.freshstore:id/username_et')>的内容为80663333
[2020-12-21 19:07:37,225] - baseLog.py] - INFO: 开始等待页面元素<('id', 'com.yonghui.cloud.freshstore:id/username_et')>是否可见
[2020-12-21 19:07:37,253] - baseLog.py] - INFO: 页面元素<('id', 'com.yonghui.cloud.freshstore:id/username_et')>等待可见，等待时间：0.03秒
[2020-12-21 19:07:37,253] - baseLog.py] - INFO: 在用户名中查找元素<('id', 'com.yonghui.cloud.freshstore:id/username_et')>
[2020-12-21 19:07:37,801] - baseLog.py] - INFO: 输入密码：Xx123456
[2020-12-21 19:07:37,802] - baseLog.py] - INFO: 在密码中输入元素<('id', 'com.yonghui.cloud.freshstore:id/password_et')>的内容为Xx123456
[2020-12-21 19:07:37,802] - baseLog.py] - INFO: 开始等待页面元素<('id', 'com.yonghui.cloud.freshstore:id/password_et')>是否可见
[2020-12-21 19:07:38,321] - baseLog.py] - INFO: 页面元素<('id', 'com.yonghui.cloud.freshstore:id/password_et')>等待可见，等待时间：0.52秒
[2020-12-21 19:07:38,322] - baseLog.py] - INFO: 在密码中查找元素<('id', 'com.yonghui.cloud.freshstore:id/password_et')>
[2020-12-21 19:07:38,356] - baseLog.py] - INFO: 在登录按钮中点击元素<('id', 'com.yonghui.cloud.freshstore:id/loginBtView')>
[2020-12-21 19:07:38,356] - baseLog.py] - INFO: 开始等待页面元素<('id', 'com.yonghui.cloud.freshstore:id/loginBtView')>是否可点击!
[2020-12-21 19:07:38,865] - baseLog.py] - ERROR: 页面元素<('id', 'com.yonghui.cloud.freshstore:id/loginBtView')>等待可点击失败!
[2020-12-21 19:07:38,871] - baseLog.py] - ERROR: 在登录按钮中点击元素<('id', 'com.yonghui.cloud.freshstore:id/loginBtView')>失败
[2020-12-21 19:16:17,531] - baseLog.py] - INFO: APP启动成功...
[2020-12-21 19:16:19,541] - baseLog.py] - INFO: 登录测试开始
[2020-12-21 19:16:19,620] - baseLog.py] - INFO: 开始向left方向滑动
[2020-12-21 19:16:21,651] - baseLog.py] - INFO: 开始向left方向滑动
[2020-12-21 19:16:23,646] - baseLog.py] - INFO: 开始向left方向滑动
[2020-12-21 19:16:25,770] - baseLog.py] - INFO: 开始向left方向滑动
[2020-12-21 19:16:27,865] - baseLog.py] - INFO: 登录开始。。。
[2020-12-21 19:16:27,865] - baseLog.py] - INFO: 输入用户名：80663333
[2020-12-21 19:16:27,866] - baseLog.py] - INFO: 在用户名中输入元素<('id', 'com.yonghui.cloud.freshstore:id/username_et')>的内容为80663333
[2020-12-21 19:16:27,866] - baseLog.py] - INFO: 开始等待页面元素<('id', 'com.yonghui.cloud.freshstore:id/username_et')>是否可见
[2020-12-21 19:16:27,898] - baseLog.py] - INFO: 页面元素<('id', 'com.yonghui.cloud.freshstore:id/username_et')>等待可见，等待时间：0.03秒
[2020-12-21 19:16:27,899] - baseLog.py] - INFO: 在用户名中查找元素<('id', 'com.yonghui.cloud.freshstore:id/username_et')>
[2020-12-21 19:16:28,433] - baseLog.py] - INFO: 输入密码：Xx123456
[2020-12-21 19:16:28,434] - baseLog.py] - INFO: 在密码中输入元素<('id', 'com.yonghui.cloud.freshstore:id/password_et')>的内容为Xx123456
[2020-12-21 19:16:28,435] - baseLog.py] - INFO: 开始等待页面元素<('id', 'com.yonghui.cloud.freshstore:id/password_et')>是否可见
[2020-12-21 19:16:28,957] - baseLog.py] - INFO: 页面元素<('id', 'com.yonghui.cloud.freshstore:id/password_et')>等待可见，等待时间：0.52秒
[2020-12-21 19:16:28,959] - baseLog.py] - INFO: 在密码中查找元素<('id', 'com.yonghui.cloud.freshstore:id/password_et')>
[2020-12-21 19:16:28,988] - baseLog.py] - INFO: 在登录按钮中点击元素<('id', 'com.yonghui.cloud.freshstore:id/loginBtView')>
[2020-12-21 19:16:28,989] - baseLog.py] - INFO: 开始等待页面元素<('id', 'com.yonghui.cloud.freshstore:id/loginBtView')>是否可点击!
[2020-12-21 19:16:29,498] - baseLog.py] - INFO: 页面元素<('id', 'com.yonghui.cloud.freshstore:id/loginBtView')>等待可点击，等待时间：0.51秒
[2020-12-21 19:16:29,498] - baseLog.py] - INFO: 在登录按钮中查找元素<('id', 'com.yonghui.cloud.freshstore:id/loginBtView')>
[2020-12-21 19:16:29,520] - baseLog.py] - INFO: 在提示框1中点击元素<('id', 'com.yonghui.cloud.freshstore:id/cancle_btn')>
[2020-12-21 19:16:29,521] - baseLog.py] - INFO: 开始等待页面元素<('id', 'com.yonghui.cloud.freshstore:id/cancle_btn')>是否可点击!
[2020-12-21 19:16:31,364] - baseLog.py] - INFO: 页面元素<('id', 'com.yonghui.cloud.freshstore:id/cancle_btn')>等待可点击，等待时间：1.84秒
[2020-12-21 19:16:31,364] - baseLog.py] - INFO: 在提示框1中查找元素<('id', 'com.yonghui.cloud.freshstore:id/cancle_btn')>
[2020-12-21 19:16:31,381] - baseLog.py] - INFO: 在提示框2中点击元素<('id', 'com.yonghui.cloud.freshstore:id/ok_btn')>
[2020-12-21 19:16:31,382] - baseLog.py] - INFO: 开始等待页面元素<('id', 'com.yonghui.cloud.freshstore:id/ok_btn')>是否可点击!
[2020-12-21 19:16:32,053] - baseLog.py] - INFO: 页面元素<('id', 'com.yonghui.cloud.freshstore:id/ok_btn')>等待可点击，等待时间：0.67秒
[2020-12-21 19:16:32,053] - baseLog.py] - INFO: 在提示框2中查找元素<('id', 'com.yonghui.cloud.freshstore:id/ok_btn')>
[2020-12-21 19:16:32,070] - baseLog.py] - INFO: 在选择角色中点击元素<('id', 'com.yonghui.cloud.freshstore:id/permission_firm_txt')>
[2020-12-21 19:16:32,070] - baseLog.py] - INFO: 开始等待页面元素<('id', 'com.yonghui.cloud.freshstore:id/permission_firm_txt')>是否可点击!
[2020-12-21 19:16:33,037] - baseLog.py] - INFO: 页面元素<('id', 'com.yonghui.cloud.freshstore:id/permission_firm_txt')>等待可点击，等待时间：0.96秒
[2020-12-21 19:16:33,037] - baseLog.py] - INFO: 在选择角色中查找元素<('id', 'com.yonghui.cloud.freshstore:id/permission_firm_txt')>
[2020-12-21 19:16:33,053] - baseLog.py] - INFO: 在登录完成，获取断言文本中获取元素<('id', 'com.yonghui.cloud.freshstore:id/bottom_tv_two')>的文本值
[2020-12-21 19:16:33,054] - baseLog.py] - INFO: 开始等待页面元素<('id', 'com.yonghui.cloud.freshstore:id/bottom_tv_two')>是否可见
[2020-12-21 19:16:34,565] - baseLog.py] - INFO: 页面元素<('id', 'com.yonghui.cloud.freshstore:id/bottom_tv_two')>等待可见，等待时间：1.51秒
[2020-12-21 19:16:34,565] - baseLog.py] - INFO: 在登录完成，获取断言文本中查找元素<('id', 'com.yonghui.cloud.freshstore:id/bottom_tv_two')>
[2020-12-21 19:16:34,590] - baseLog.py] - INFO: 获取到的元素文本值为：分类
[2020-12-21 19:29:58,760] - baseLog.py] - INFO: APP启动成功...
[2020-12-21 19:30:00,766] - baseLog.py] - INFO: 跳转主页测试开始
[2020-12-21 19:30:00,842] - baseLog.py] - INFO: 开始向left方向滑动
[2020-12-21 19:30:02,849] - baseLog.py] - INFO: 开始向left方向滑动
[2020-12-21 19:30:04,987] - baseLog.py] - INFO: 开始向left方向滑动
[2020-12-21 19:30:07,134] - baseLog.py] - INFO: 开始向left方向滑动
[2020-12-21 19:30:09,337] - baseLog.py] - INFO: 登录开始。。。
[2020-12-21 19:30:09,337] - baseLog.py] - INFO: 输入用户名：80663333
[2020-12-21 19:30:09,338] - baseLog.py] - INFO: 在用户名中输入元素<('id', 'com.yonghui.cloud.freshstore:id/username_et')>的内容为80663333
[2020-12-21 19:30:09,338] - baseLog.py] - INFO: 开始等待页面元素<('id', 'com.yonghui.cloud.freshstore:id/username_et')>是否可见
[2020-12-21 19:30:09,373] - baseLog.py] - INFO: 页面元素<('id', 'com.yonghui.cloud.freshstore:id/username_et')>等待可见，等待时间：0.03秒
[2020-12-21 19:30:09,373] - baseLog.py] - INFO: 在用户名中查找元素<('id', 'com.yonghui.cloud.freshstore:id/username_et')>
[2020-12-21 19:30:09,922] - baseLog.py] - INFO: 输入密码：Xx123456
[2020-12-21 19:30:09,922] - baseLog.py] - INFO: 在密码中输入元素<('id', 'com.yonghui.cloud.freshstore:id/password_et')>的内容为Xx123456
[2020-12-21 19:30:09,923] - baseLog.py] - INFO: 开始等待页面元素<('id', 'com.yonghui.cloud.freshstore:id/password_et')>是否可见
[2020-12-21 19:30:10,429] - baseLog.py] - INFO: 页面元素<('id', 'com.yonghui.cloud.freshstore:id/password_et')>等待可见，等待时间：0.51秒
[2020-12-21 19:30:10,429] - baseLog.py] - INFO: 在密码中查找元素<('id', 'com.yonghui.cloud.freshstore:id/password_et')>
[2020-12-21 19:30:10,448] - baseLog.py] - INFO: 在登录按钮中点击元素<('id', 'com.yonghui.cloud.freshstore:id/loginBtView')>
[2020-12-21 19:30:10,449] - baseLog.py] - INFO: 开始等待页面元素<('id', 'com.yonghui.cloud.freshstore:id/loginBtView')>是否可点击!
[2020-12-21 19:30:10,959] - baseLog.py] - INFO: 页面元素<('id', 'com.yonghui.cloud.freshstore:id/loginBtView')>等待可点击，等待时间：0.51秒
[2020-12-21 19:30:10,959] - baseLog.py] - INFO: 在登录按钮中查找元素<('id', 'com.yonghui.cloud.freshstore:id/loginBtView')>
[2020-12-21 19:30:10,982] - baseLog.py] - INFO: 在提示框1中点击元素<('id', 'com.yonghui.cloud.freshstore:id/cancle_btn')>
[2020-12-21 19:30:10,983] - baseLog.py] - INFO: 开始等待页面元素<('id', 'com.yonghui.cloud.freshstore:id/cancle_btn')>是否可点击!
[2020-12-21 19:30:12,745] - baseLog.py] - INFO: 页面元素<('id', 'com.yonghui.cloud.freshstore:id/cancle_btn')>等待可点击，等待时间：1.76秒
[2020-12-21 19:30:12,746] - baseLog.py] - INFO: 在提示框1中查找元素<('id', 'com.yonghui.cloud.freshstore:id/cancle_btn')>
[2020-12-21 19:30:12,764] - baseLog.py] - INFO: 在提示框2中点击元素<('id', 'com.yonghui.cloud.freshstore:id/ok_btn')>
[2020-12-21 19:30:12,764] - baseLog.py] - INFO: 开始等待页面元素<('id', 'com.yonghui.cloud.freshstore:id/ok_btn')>是否可点击!
[2020-12-21 19:30:13,432] - baseLog.py] - INFO: 页面元素<('id', 'com.yonghui.cloud.freshstore:id/ok_btn')>等待可点击，等待时间：0.67秒
[2020-12-21 19:30:13,432] - baseLog.py] - INFO: 在提示框2中查找元素<('id', 'com.yonghui.cloud.freshstore:id/ok_btn')>
[2020-12-21 19:30:13,451] - baseLog.py] - INFO: 在选择角色中点击元素<('id', 'com.yonghui.cloud.freshstore:id/permission_firm_txt')>
[2020-12-21 19:30:13,451] - baseLog.py] - INFO: 开始等待页面元素<('id', 'com.yonghui.cloud.freshstore:id/permission_firm_txt')>是否可点击!
[2020-12-21 19:30:14,442] - baseLog.py] - INFO: 页面元素<('id', 'com.yonghui.cloud.freshstore:id/permission_firm_txt')>等待可点击，等待时间：0.99秒
[2020-12-21 19:30:14,443] - baseLog.py] - INFO: 在选择角色中查找元素<('id', 'com.yonghui.cloud.freshstore:id/permission_firm_txt')>
[2020-12-21 19:30:14,458] - baseLog.py] - INFO: 登录成功后跳转主页
[2020-12-21 19:30:14,459] - baseLog.py] - INFO: 在选择应用模块中点击元素<('id', 'com.yonghui.cloud.freshstore:id/typePurchase')>
[2020-12-21 19:30:14,459] - baseLog.py] - INFO: 开始等待页面元素<('id', 'com.yonghui.cloud.freshstore:id/typePurchase')>是否可点击!
[2020-12-21 19:30:16,006] - baseLog.py] - INFO: 页面元素<('id', 'com.yonghui.cloud.freshstore:id/typePurchase')>等待可点击，等待时间：1.55秒
[2020-12-21 19:30:16,006] - baseLog.py] - INFO: 在选择应用模块中查找元素<('id', 'com.yonghui.cloud.freshstore:id/typePurchase')>
[2020-12-21 19:30:16,028] - baseLog.py] - INFO: 在主页页面中获取元素<('id', 'com.yonghui.cloud.freshstore:id/bottom_tv_two')>的文本值
[2020-12-21 19:30:16,029] - baseLog.py] - INFO: 开始等待页面元素<('id', 'com.yonghui.cloud.freshstore:id/bottom_tv_two')>是否可见
[2020-12-21 19:30:42,510] - baseLog.py] - ERROR: 页面元素<('id', 'com.yonghui.cloud.freshstore:id/bottom_tv_two')>等待可见失败
[2020-12-21 19:30:42,821] - baseLog.py] - INFO: 页面截图文件保存在：D:\work\app\screenshot\20201221193042_主页页面.png
[2020-12-21 19:30:42,821] - baseLog.py] - ERROR: 在主页页面中获取元素<('id', 'com.yonghui.cloud.freshstore:id/bottom_tv_two')>的文本值失败
[2020-12-21 19:30:43,107] - baseLog.py] - INFO: 页面截图文件保存在：D:\work\app\screenshot\20201221193042_主页页面.png
[2020-12-21 19:33:01,348] - baseLog.py] - INFO: APP启动成功...
[2020-12-21 19:33:03,353] - baseLog.py] - INFO: 跳转主页测试开始
[2020-12-21 19:33:03,434] - baseLog.py] - INFO: 开始向left方向滑动
[2020-12-21 19:33:05,545] - baseLog.py] - INFO: 开始向left方向滑动
[2020-12-21 19:33:07,532] - baseLog.py] - INFO: 开始向left方向滑动
[2020-12-21 19:33:09,970] - baseLog.py] - INFO: 开始向left方向滑动
[2020-12-21 19:33:12,106] - baseLog.py] - INFO: 登录开始。。。
[2020-12-21 19:33:12,107] - baseLog.py] - INFO: 输入用户名：80663333
[2020-12-21 19:33:12,107] - baseLog.py] - INFO: 在用户名中输入元素<('id', 'com.yonghui.cloud.freshstore:id/username_et')>的内容为80663333
[2020-12-21 19:33:12,108] - baseLog.py] - INFO: 开始等待页面元素<('id', 'com.yonghui.cloud.freshstore:id/username_et')>是否可见
[2020-12-21 19:33:12,141] - baseLog.py] - INFO: 页面元素<('id', 'com.yonghui.cloud.freshstore:id/username_et')>等待可见，等待时间：0.03秒
[2020-12-21 19:33:12,141] - baseLog.py] - INFO: 在用户名中查找元素<('id', 'com.yonghui.cloud.freshstore:id/username_et')>
[2020-12-21 19:33:12,682] - baseLog.py] - INFO: 输入密码：Xx123456
[2020-12-21 19:33:12,683] - baseLog.py] - INFO: 在密码中输入元素<('id', 'com.yonghui.cloud.freshstore:id/password_et')>的内容为Xx123456
[2020-12-21 19:33:12,683] - baseLog.py] - INFO: 开始等待页面元素<('id', 'com.yonghui.cloud.freshstore:id/password_et')>是否可见
[2020-12-21 19:33:13,202] - baseLog.py] - INFO: 页面元素<('id', 'com.yonghui.cloud.freshstore:id/password_et')>等待可见，等待时间：0.52秒
[2020-12-21 19:33:13,203] - baseLog.py] - INFO: 在密码中查找元素<('id', 'com.yonghui.cloud.freshstore:id/password_et')>
[2020-12-21 19:33:13,232] - baseLog.py] - INFO: 在登录按钮中点击元素<('id', 'com.yonghui.cloud.freshstore:id/loginBtView')>
[2020-12-21 19:33:13,232] - baseLog.py] - INFO: 开始等待页面元素<('id', 'com.yonghui.cloud.freshstore:id/loginBtView')>是否可点击!
[2020-12-21 19:33:13,742] - baseLog.py] - INFO: 页面元素<('id', 'com.yonghui.cloud.freshstore:id/loginBtView')>等待可点击，等待时间：0.51秒
[2020-12-21 19:33:13,742] - baseLog.py] - INFO: 在登录按钮中查找元素<('id', 'com.yonghui.cloud.freshstore:id/loginBtView')>
[2020-12-21 19:33:13,763] - baseLog.py] - INFO: 在提示框1中点击元素<('id', 'com.yonghui.cloud.freshstore:id/cancle_btn')>
[2020-12-21 19:33:13,763] - baseLog.py] - INFO: 开始等待页面元素<('id', 'com.yonghui.cloud.freshstore:id/cancle_btn')>是否可点击!
[2020-12-21 19:33:15,523] - baseLog.py] - INFO: 页面元素<('id', 'com.yonghui.cloud.freshstore:id/cancle_btn')>等待可点击，等待时间：1.76秒
[2020-12-21 19:33:15,524] - baseLog.py] - INFO: 在提示框1中查找元素<('id', 'com.yonghui.cloud.freshstore:id/cancle_btn')>
[2020-12-21 19:33:15,541] - baseLog.py] - INFO: 在提示框2中点击元素<('id', 'com.yonghui.cloud.freshstore:id/ok_btn')>
[2020-12-21 19:33:15,542] - baseLog.py] - INFO: 开始等待页面元素<('id', 'com.yonghui.cloud.freshstore:id/ok_btn')>是否可点击!
[2020-12-21 19:33:16,217] - baseLog.py] - INFO: 页面元素<('id', 'com.yonghui.cloud.freshstore:id/ok_btn')>等待可点击，等待时间：0.67秒
[2020-12-21 19:33:16,218] - baseLog.py] - INFO: 在提示框2中查找元素<('id', 'com.yonghui.cloud.freshstore:id/ok_btn')>
[2020-12-21 19:33:16,237] - baseLog.py] - INFO: 在选择角色中点击元素<('id', 'com.yonghui.cloud.freshstore:id/permission_firm_txt')>
[2020-12-21 19:33:16,238] - baseLog.py] - INFO: 开始等待页面元素<('id', 'com.yonghui.cloud.freshstore:id/permission_firm_txt')>是否可点击!
[2020-12-21 19:33:17,232] - baseLog.py] - INFO: 页面元素<('id', 'com.yonghui.cloud.freshstore:id/permission_firm_txt')>等待可点击，等待时间：0.99秒
[2020-12-21 19:33:17,233] - baseLog.py] - INFO: 在选择角色中查找元素<('id', 'com.yonghui.cloud.freshstore:id/permission_firm_txt')>
[2020-12-21 19:33:17,256] - baseLog.py] - INFO: 登录成功后跳转主页
[2020-12-21 19:33:17,257] - baseLog.py] - INFO: 在选择应用模块中点击元素<('id', 'com.yonghui.cloud.freshstore:id/typePurchase')>
[2020-12-21 19:33:17,257] - baseLog.py] - INFO: 开始等待页面元素<('id', 'com.yonghui.cloud.freshstore:id/typePurchase')>是否可点击!
[2020-12-21 19:33:18,776] - baseLog.py] - INFO: 页面元素<('id', 'com.yonghui.cloud.freshstore:id/typePurchase')>等待可点击，等待时间：1.52秒
[2020-12-21 19:33:18,776] - baseLog.py] - INFO: 在选择应用模块中查找元素<('id', 'com.yonghui.cloud.freshstore:id/typePurchase')>
[2020-12-21 19:33:18,803] - baseLog.py] - INFO: 在主页页面中获取元素<('id', 'com.yonghui.cloud.freshstore:id/title_tv')>的文本值
[2020-12-21 19:33:18,804] - baseLog.py] - INFO: 开始等待页面元素<('id', 'com.yonghui.cloud.freshstore:id/title_tv')>是否可见
[2020-12-21 19:33:19,976] - baseLog.py] - INFO: 页面元素<('id', 'com.yonghui.cloud.freshstore:id/title_tv')>等待可见，等待时间：1.17秒
[2020-12-21 19:33:19,977] - baseLog.py] - INFO: 在主页页面中查找元素<('id', 'com.yonghui.cloud.freshstore:id/title_tv')>
[2020-12-21 19:33:19,996] - baseLog.py] - INFO: 获取到的元素文本值为：我的申请
[2020-12-21 19:41:46,110] - baseLog.py] - INFO: APP启动成功...
[2020-12-21 19:41:48,113] - baseLog.py] - INFO: 跳转主页测试开始
[2020-12-21 19:41:48,180] - baseLog.py] - INFO: 开始向left方向滑动
[2020-12-21 19:41:50,213] - baseLog.py] - INFO: 开始向left方向滑动
[2020-12-21 19:41:52,265] - baseLog.py] - INFO: 开始向left方向滑动
[2020-12-21 19:41:54,287] - baseLog.py] - INFO: 开始向left方向滑动
[2020-12-21 19:41:56,439] - baseLog.py] - INFO: 登录开始。。。
[2020-12-21 19:41:56,440] - baseLog.py] - INFO: 输入用户名：80663333
[2020-12-21 19:41:56,440] - baseLog.py] - INFO: 在用户名中输入元素<('id', 'com.yonghui.cloud.freshstore:id/username_et')>的内容为80663333
[2020-12-21 19:41:56,440] - baseLog.py] - INFO: 开始等待页面元素<('id', 'com.yonghui.cloud.freshstore:id/username_et')>是否可见
[2020-12-21 19:41:56,472] - baseLog.py] - INFO: 页面元素<('id', 'com.yonghui.cloud.freshstore:id/username_et')>等待可见，等待时间：0.03秒
[2020-12-21 19:41:56,472] - baseLog.py] - INFO: 在用户名中查找元素<('id', 'com.yonghui.cloud.freshstore:id/username_et')>
[2020-12-21 19:41:57,016] - baseLog.py] - INFO: 输入密码：Xx123456
[2020-12-21 19:41:57,016] - baseLog.py] - INFO: 在密码中输入元素<('id', 'com.yonghui.cloud.freshstore:id/password_et')>的内容为Xx123456
[2020-12-21 19:41:57,016] - baseLog.py] - INFO: 开始等待页面元素<('id', 'com.yonghui.cloud.freshstore:id/password_et')>是否可见
[2020-12-21 19:41:57,533] - baseLog.py] - INFO: 页面元素<('id', 'com.yonghui.cloud.freshstore:id/password_et')>等待可见，等待时间：0.51秒
[2020-12-21 19:41:57,533] - baseLog.py] - INFO: 在密码中查找元素<('id', 'com.yonghui.cloud.freshstore:id/password_et')>
[2020-12-21 19:41:57,550] - baseLog.py] - INFO: 在登录按钮中点击元素<('id', 'com.yonghui.cloud.freshstore:id/loginBtView')>
[2020-12-21 19:41:57,551] - baseLog.py] - INFO: 开始等待页面元素<('id', 'com.yonghui.cloud.freshstore:id/loginBtView')>是否可点击!
[2020-12-21 19:41:58,074] - baseLog.py] - INFO: 页面元素<('id', 'com.yonghui.cloud.freshstore:id/loginBtView')>等待可点击，等待时间：0.52秒
[2020-12-21 19:41:58,074] - baseLog.py] - INFO: 在登录按钮中查找元素<('id', 'com.yonghui.cloud.freshstore:id/loginBtView')>
[2020-12-21 19:41:58,111] - baseLog.py] - INFO: 在提示框1中点击元素<('id', 'com.yonghui.cloud.freshstore:id/cancle_btn')>
[2020-12-21 19:41:58,111] - baseLog.py] - INFO: 开始等待页面元素<('id', 'com.yonghui.cloud.freshstore:id/cancle_btn')>是否可点击!
[2020-12-21 19:41:59,704] - baseLog.py] - INFO: 页面元素<('id', 'com.yonghui.cloud.freshstore:id/cancle_btn')>等待可点击，等待时间：1.59秒
[2020-12-21 19:41:59,705] - baseLog.py] - INFO: 在提示框1中查找元素<('id', 'com.yonghui.cloud.freshstore:id/cancle_btn')>
[2020-12-21 19:41:59,722] - baseLog.py] - INFO: 在提示框2中点击元素<('id', 'com.yonghui.cloud.freshstore:id/ok_btn')>
[2020-12-21 19:41:59,722] - baseLog.py] - INFO: 开始等待页面元素<('id', 'com.yonghui.cloud.freshstore:id/ok_btn')>是否可点击!
[2020-12-21 19:42:00,382] - baseLog.py] - INFO: 页面元素<('id', 'com.yonghui.cloud.freshstore:id/ok_btn')>等待可点击，等待时间：0.66秒
[2020-12-21 19:42:00,382] - baseLog.py] - INFO: 在提示框2中查找元素<('id', 'com.yonghui.cloud.freshstore:id/ok_btn')>
[2020-12-21 19:42:00,399] - baseLog.py] - INFO: 在选择角色中点击元素<('id', 'com.yonghui.cloud.freshstore:id/permission_firm_txt')>
[2020-12-21 19:42:00,399] - baseLog.py] - INFO: 开始等待页面元素<('id', 'com.yonghui.cloud.freshstore:id/permission_firm_txt')>是否可点击!
[2020-12-21 19:42:01,495] - baseLog.py] - INFO: 页面元素<('id', 'com.yonghui.cloud.freshstore:id/permission_firm_txt')>等待可点击，等待时间：1.09秒
[2020-12-21 19:42:01,496] - baseLog.py] - INFO: 在选择角色中查找元素<('id', 'com.yonghui.cloud.freshstore:id/permission_firm_txt')>
[2020-12-21 19:42:01,528] - baseLog.py] - INFO: 登录成功后跳转主页
[2020-12-21 19:42:01,528] - baseLog.py] - INFO: 在选择应用模块中点击元素<('id', 'com.yonghui.cloud.freshstore:id/typePurchase')>
[2020-12-21 19:42:01,529] - baseLog.py] - INFO: 开始等待页面元素<('id', 'com.yonghui.cloud.freshstore:id/typePurchase')>是否可点击!
[2020-12-21 19:42:03,053] - baseLog.py] - INFO: 页面元素<('id', 'com.yonghui.cloud.freshstore:id/typePurchase')>等待可点击，等待时间：1.52秒
[2020-12-21 19:42:03,054] - baseLog.py] - INFO: 在选择应用模块中查找元素<('id', 'com.yonghui.cloud.freshstore:id/typePurchase')>
[2020-12-21 19:42:03,073] - baseLog.py] - INFO: 在跳转到应用主页，断言文本中获取元素<('id', 'com.yonghui.cloud.freshstore:id/title_tv')>的文本值
[2020-12-21 19:42:03,074] - baseLog.py] - INFO: 开始等待页面元素<('id', 'com.yonghui.cloud.freshstore:id/title_tv')>是否可见
[2020-12-21 19:42:04,163] - baseLog.py] - INFO: 页面元素<('id', 'com.yonghui.cloud.freshstore:id/title_tv')>等待可见，等待时间：1.09秒
[2020-12-21 19:42:04,163] - baseLog.py] - INFO: 在跳转到应用主页，断言文本中查找元素<('id', 'com.yonghui.cloud.freshstore:id/title_tv')>
[2020-12-21 19:42:04,182] - baseLog.py] - INFO: 获取到的元素文本值为：我的申请
[2020-12-21 19:42:17,179] - baseLog.py] - INFO: APP启动成功...
[2020-12-21 19:42:19,183] - baseLog.py] - INFO: 登录测试开始
[2020-12-21 19:42:19,288] - baseLog.py] - INFO: 开始向left方向滑动
[2020-12-21 19:42:21,304] - baseLog.py] - INFO: 开始向left方向滑动
[2020-12-21 19:42:23,287] - baseLog.py] - INFO: 开始向left方向滑动
[2020-12-21 19:42:25,312] - baseLog.py] - INFO: 开始向left方向滑动
[2020-12-21 19:42:27,551] - baseLog.py] - INFO: 登录开始。。。
[2020-12-21 19:42:27,551] - baseLog.py] - INFO: 输入用户名：80663333
[2020-12-21 19:42:27,551] - baseLog.py] - INFO: 在用户名中输入元素<('id', 'com.yonghui.cloud.freshstore:id/username_et')>的内容为80663333
[2020-12-21 19:42:27,552] - baseLog.py] - INFO: 开始等待页面元素<('id', 'com.yonghui.cloud.freshstore:id/username_et')>是否可见
[2020-12-21 19:42:27,575] - baseLog.py] - INFO: 页面元素<('id', 'com.yonghui.cloud.freshstore:id/username_et')>等待可见，等待时间：0.02秒
[2020-12-21 19:42:27,575] - baseLog.py] - INFO: 在用户名中查找元素<('id', 'com.yonghui.cloud.freshstore:id/username_et')>
[2020-12-21 19:42:28,140] - baseLog.py] - INFO: 输入密码：Xx123456
[2020-12-21 19:42:28,140] - baseLog.py] - INFO: 在密码中输入元素<('id', 'com.yonghui.cloud.freshstore:id/password_et')>的内容为Xx123456
[2020-12-21 19:42:28,141] - baseLog.py] - INFO: 开始等待页面元素<('id', 'com.yonghui.cloud.freshstore:id/password_et')>是否可见
[2020-12-21 19:42:28,647] - baseLog.py] - INFO: 页面元素<('id', 'com.yonghui.cloud.freshstore:id/password_et')>等待可见，等待时间：0.51秒
[2020-12-21 19:42:28,647] - baseLog.py] - INFO: 在密码中查找元素<('id', 'com.yonghui.cloud.freshstore:id/password_et')>
[2020-12-21 19:42:28,665] - baseLog.py] - INFO: 在登录按钮中点击元素<('id', 'com.yonghui.cloud.freshstore:id/loginBtView')>
[2020-12-21 19:42:28,666] - baseLog.py] - INFO: 开始等待页面元素<('id', 'com.yonghui.cloud.freshstore:id/loginBtView')>是否可点击!
[2020-12-21 19:42:29,188] - baseLog.py] - INFO: 页面元素<('id', 'com.yonghui.cloud.freshstore:id/loginBtView')>等待可点击，等待时间：0.52秒
[2020-12-21 19:42:29,189] - baseLog.py] - INFO: 在登录按钮中查找元素<('id', 'com.yonghui.cloud.freshstore:id/loginBtView')>
[2020-12-21 19:42:29,240] - baseLog.py] - INFO: 在提示框1中点击元素<('id', 'com.yonghui.cloud.freshstore:id/cancle_btn')>
[2020-12-21 19:42:29,241] - baseLog.py] - INFO: 开始等待页面元素<('id', 'com.yonghui.cloud.freshstore:id/cancle_btn')>是否可点击!
[2020-12-21 19:42:30,816] - baseLog.py] - INFO: 页面元素<('id', 'com.yonghui.cloud.freshstore:id/cancle_btn')>等待可点击，等待时间：1.57秒
[2020-12-21 19:42:30,817] - baseLog.py] - INFO: 在提示框1中查找元素<('id', 'com.yonghui.cloud.freshstore:id/cancle_btn')>
[2020-12-21 19:42:30,833] - baseLog.py] - INFO: 在提示框2中点击元素<('id', 'com.yonghui.cloud.freshstore:id/ok_btn')>
[2020-12-21 19:42:30,834] - baseLog.py] - INFO: 开始等待页面元素<('id', 'com.yonghui.cloud.freshstore:id/ok_btn')>是否可点击!
[2020-12-21 19:42:31,499] - baseLog.py] - INFO: 页面元素<('id', 'com.yonghui.cloud.freshstore:id/ok_btn')>等待可点击，等待时间：0.66秒
[2020-12-21 19:42:31,499] - baseLog.py] - INFO: 在提示框2中查找元素<('id', 'com.yonghui.cloud.freshstore:id/ok_btn')>
[2020-12-21 19:42:31,517] - baseLog.py] - INFO: 在选择角色中点击元素<('id', 'com.yonghui.cloud.freshstore:id/permission_firm_txt')>
[2020-12-21 19:42:31,517] - baseLog.py] - INFO: 开始等待页面元素<('id', 'com.yonghui.cloud.freshstore:id/permission_firm_txt')>是否可点击!
[2020-12-21 19:42:32,500] - baseLog.py] - INFO: 页面元素<('id', 'com.yonghui.cloud.freshstore:id/permission_firm_txt')>等待可点击，等待时间：0.98秒
[2020-12-21 19:42:32,500] - baseLog.py] - INFO: 在选择角色中查找元素<('id', 'com.yonghui.cloud.freshstore:id/permission_firm_txt')>
[2020-12-21 19:42:32,518] - baseLog.py] - INFO: 在登录完成，获取断言文本中获取元素<('id', 'com.yonghui.cloud.freshstore:id/bottom_tv_two')>的文本值
[2020-12-21 19:42:32,518] - baseLog.py] - INFO: 开始等待页面元素<('id', 'com.yonghui.cloud.freshstore:id/bottom_tv_two')>是否可见
[2020-12-21 19:42:34,013] - baseLog.py] - INFO: 页面元素<('id', 'com.yonghui.cloud.freshstore:id/bottom_tv_two')>等待可见，等待时间：1.49秒
[2020-12-21 19:42:34,014] - baseLog.py] - INFO: 在登录完成，获取断言文本中查找元素<('id', 'com.yonghui.cloud.freshstore:id/bottom_tv_two')>
[2020-12-21 19:42:34,038] - baseLog.py] - INFO: 获取到的元素文本值为：分类
